{"/home/jonh_vito/Área de trabalho/horario/src/App.tsx": {"path":"/home/jonh_vito/Área de trabalho/horario/src/App.tsx","statementMap":{"0":{"start":{"line":25,"column":38},"end":{"line":25,"column":59}},"1":{"start":{"line":26,"column":46},"end":{"line":26,"column":82}},"2":{"start":{"line":27,"column":36},"end":{"line":27,"column":75}},"3":{"start":{"line":28,"column":22},"end":{"line":28,"column":50}},"4":{"start":{"line":30,"column":65},"end":{"line":30,"column":83}},"5":{"start":{"line":31,"column":31},"end":{"line":31,"column":48}},"6":{"start":{"line":34,"column":2},"end":{"line":34,"column":20}},"7":{"start":{"line":36,"column":28},"end":{"line":54,"column":3}},"8":{"start":{"line":37,"column":4},"end":{"line":53,"column":5}},"9":{"start":{"line":38,"column":6},"end":{"line":44,"column":7}},"10":{"start":{"line":39,"column":8},"end":{"line":39,"column":54}},"11":{"start":{"line":40,"column":8},"end":{"line":40,"column":74}},"12":{"start":{"line":42,"column":8},"end":{"line":42,"column":32}},"13":{"start":{"line":43,"column":8},"end":{"line":43,"column":74}},"14":{"start":{"line":45,"column":6},"end":{"line":45,"column":27}},"15":{"start":{"line":46,"column":6},"end":{"line":46,"column":30}},"16":{"start":{"line":48,"column":6},"end":{"line":52,"column":7}},"17":{"start":{"line":49,"column":8},"end":{"line":49,"column":49}},"18":{"start":{"line":51,"column":8},"end":{"line":51,"column":77}},"19":{"start":{"line":56,"column":28},"end":{"line":59,"column":3}},"20":{"start":{"line":57,"column":4},"end":{"line":57,"column":31}},"21":{"start":{"line":58,"column":4},"end":{"line":58,"column":24}},"22":{"start":{"line":61,"column":30},"end":{"line":78,"column":3}},"23":{"start":{"line":62,"column":20},"end":{"line":62,"column":24}},"24":{"start":{"line":63,"column":4},"end":{"line":65,"column":5}},"25":{"start":{"line":64,"column":6},"end":{"line":64,"column":84}},"26":{"start":{"line":66,"column":4},"end":{"line":77,"column":5}},"27":{"start":{"line":67,"column":6},"end":{"line":76,"column":7}},"28":{"start":{"line":68,"column":8},"end":{"line":68,"column":33}},"29":{"start":{"line":69,"column":8},"end":{"line":69,"column":72}},"30":{"start":{"line":71,"column":8},"end":{"line":75,"column":9}},"31":{"start":{"line":72,"column":10},"end":{"line":72,"column":51}},"32":{"start":{"line":74,"column":10},"end":{"line":74,"column":80}},"33":{"start":{"line":80,"column":26},"end":{"line":83,"column":3}},"34":{"start":{"line":81,"column":4},"end":{"line":81,"column":25}},"35":{"start":{"line":82,"column":4},"end":{"line":82,"column":28}},"36":{"start":{"line":85,"column":2},"end":{"line":119,"column":4}},"37":{"start":{"line":89,"column":26},"end":{"line":89,"column":45}},"38":{"start":{"line":123,"column":2},"end":{"line":129,"column":4}}},"fnMap":{"0":{"name":"AppContent","decl":{"start":{"line":24,"column":9},"end":{"line":24,"column":19}},"loc":{"start":{"line":24,"column":22},"end":{"line":120,"column":1}},"line":24},"1":{"name":"(anonymous_1)","decl":{"start":{"line":36,"column":28},"end":{"line":36,"column":29}},"loc":{"start":{"line":36,"column":85},"end":{"line":54,"column":3}},"line":36},"2":{"name":"(anonymous_2)","decl":{"start":{"line":56,"column":28},"end":{"line":56,"column":29}},"loc":{"start":{"line":56,"column":50},"end":{"line":59,"column":3}},"line":56},"3":{"name":"(anonymous_3)","decl":{"start":{"line":61,"column":30},"end":{"line":61,"column":31}},"loc":{"start":{"line":61,"column":53},"end":{"line":78,"column":3}},"line":61},"4":{"name":"(anonymous_4)","decl":{"start":{"line":80,"column":26},"end":{"line":80,"column":27}},"loc":{"start":{"line":80,"column":32},"end":{"line":83,"column":3}},"line":80},"5":{"name":"(anonymous_5)","decl":{"start":{"line":89,"column":20},"end":{"line":89,"column":21}},"loc":{"start":{"line":89,"column":26},"end":{"line":89,"column":45}},"line":89},"6":{"name":"App","decl":{"start":{"line":122,"column":9},"end":{"line":122,"column":12}},"loc":{"start":{"line":122,"column":15},"end":{"line":130,"column":1}},"line":122}},"branchMap":{"0":{"loc":{"start":{"line":38,"column":6},"end":{"line":44,"column":7}},"type":"if","locations":[{"start":{"line":38,"column":6},"end":{"line":44,"column":7}},{"start":{"line":41,"column":13},"end":{"line":44,"column":7}}],"line":38},"1":{"loc":{"start":{"line":48,"column":6},"end":{"line":52,"column":7}},"type":"if","locations":[{"start":{"line":48,"column":6},"end":{"line":52,"column":7}},{"start":{"line":50,"column":13},"end":{"line":52,"column":7}}],"line":48},"2":{"loc":{"start":{"line":63,"column":4},"end":{"line":65,"column":5}},"type":"if","locations":[{"start":{"line":63,"column":4},"end":{"line":65,"column":5}},{"start":{},"end":{}}],"line":63},"3":{"loc":{"start":{"line":63,"column":8},"end":{"line":63,"column":77}},"type":"binary-expr","locations":[{"start":{"line":63,"column":8},"end":{"line":63,"column":37}},{"start":{"line":63,"column":41},"end":{"line":63,"column":77}}],"line":63},"4":{"loc":{"start":{"line":66,"column":4},"end":{"line":77,"column":5}},"type":"if","locations":[{"start":{"line":66,"column":4},"end":{"line":77,"column":5}},{"start":{},"end":{}}],"line":66},"5":{"loc":{"start":{"line":71,"column":8},"end":{"line":75,"column":9}},"type":"if","locations":[{"start":{"line":71,"column":8},"end":{"line":75,"column":9}},{"start":{"line":73,"column":15},"end":{"line":75,"column":9}}],"line":71},"6":{"loc":{"start":{"line":92,"column":9},"end":{"line":104,"column":9}},"type":"cond-expr","locations":[{"start":{"line":93,"column":10},"end":{"line":97,"column":12}},{"start":{"line":99,"column":10},"end":{"line":103,"column":12}}],"line":92}},"s":{"0":0,"1":0,"2":0,"3":0,"4":0,"5":0,"6":0,"7":0,"8":0,"9":0,"10":0,"11":0,"12":0,"13":0,"14":0,"15":0,"16":0,"17":0,"18":0,"19":0,"20":0,"21":0,"22":0,"23":0,"24":0,"25":0,"26":0,"27":0,"28":0,"29":0,"30":0,"31":0,"32":0,"33":0,"34":0,"35":0,"36":0,"37":0,"38":0},"f":{"0":0,"1":0,"2":0,"3":0,"4":0,"5":0,"6":0},"b":{"0":[0,0],"1":[0,0],"2":[0,0],"3":[0,0],"4":[0,0],"5":[0,0],"6":[0,0]}}
,"/home/jonh_vito/Área de trabalho/horario/src/main.tsx": {"path":"/home/jonh_vito/Área de trabalho/horario/src/main.tsx","statementMap":{"0":{"start":{"line":6,"column":0},"end":{"line":10,"column":2}}},"fnMap":{},"branchMap":{},"s":{"0":0},"f":{},"b":{}}
,"/home/jonh_vito/Área de trabalho/horario/src/components/ExportOptions.tsx": {"path":"/home/jonh_vito/Área de trabalho/horario/src/components/ExportOptions.tsx","statementMap":{"0":{"start":{"line":7,"column":23},"end":{"line":7,"column":53}},"1":{"start":{"line":8,"column":36},"end":{"line":8,"column":54}},"2":{"start":{"line":9,"column":28},"end":{"line":9,"column":57}},"3":{"start":{"line":11,"column":27},"end":{"line":28,"column":3}},"4":{"start":{"line":12,"column":4},"end":{"line":27,"column":5}},"5":{"start":{"line":13,"column":23},"end":{"line":13,"column":54}},"6":{"start":{"line":14,"column":19},"end":{"line":14,"column":69}},"7":{"start":{"line":15,"column":18},"end":{"line":15,"column":43}},"8":{"start":{"line":16,"column":16},"end":{"line":16,"column":43}},"9":{"start":{"line":17,"column":6},"end":{"line":17,"column":19}},"10":{"start":{"line":18,"column":6},"end":{"line":18,"column":81}},"11":{"start":{"line":19,"column":6},"end":{"line":19,"column":35}},"12":{"start":{"line":20,"column":6},"end":{"line":20,"column":16}},"13":{"start":{"line":21,"column":6},"end":{"line":21,"column":35}},"14":{"start":{"line":22,"column":6},"end":{"line":22,"column":31}},"15":{"start":{"line":23,"column":6},"end":{"line":23,"column":21}},"16":{"start":{"line":25,"column":6},"end":{"line":25,"column":61}},"17":{"start":{"line":26,"column":6},"end":{"line":26,"column":51}},"18":{"start":{"line":30,"column":27},"end":{"line":58,"column":3}},"19":{"start":{"line":31,"column":4},"end":{"line":57,"column":5}},"20":{"start":{"line":32,"column":19},"end":{"line":42,"column":17}},"21":{"start":{"line":34,"column":10},"end":{"line":40,"column":12}},"22":{"start":{"line":44,"column":19},"end":{"line":44,"column":59}},"23":{"start":{"line":45,"column":18},"end":{"line":45,"column":43}},"24":{"start":{"line":46,"column":16},"end":{"line":46,"column":43}},"25":{"start":{"line":47,"column":6},"end":{"line":47,"column":19}},"26":{"start":{"line":48,"column":6},"end":{"line":48,"column":80}},"27":{"start":{"line":49,"column":6},"end":{"line":49,"column":35}},"28":{"start":{"line":50,"column":6},"end":{"line":50,"column":16}},"29":{"start":{"line":51,"column":6},"end":{"line":51,"column":35}},"30":{"start":{"line":52,"column":6},"end":{"line":52,"column":31}},"31":{"start":{"line":53,"column":6},"end":{"line":53,"column":21}},"32":{"start":{"line":55,"column":6},"end":{"line":55,"column":61}},"33":{"start":{"line":56,"column":6},"end":{"line":56,"column":52}},"34":{"start":{"line":60,"column":23},"end":{"line":84,"column":3}},"35":{"start":{"line":61,"column":17},"end":{"line":61,"column":40}},"36":{"start":{"line":62,"column":4},"end":{"line":62,"column":22}},"37":{"start":{"line":62,"column":15},"end":{"line":62,"column":22}},"38":{"start":{"line":64,"column":19},"end":{"line":64,"column":35}},"39":{"start":{"line":65,"column":4},"end":{"line":79,"column":6}},"40":{"start":{"line":66,"column":6},"end":{"line":78,"column":7}},"41":{"start":{"line":67,"column":24},"end":{"line":67,"column":50}},"42":{"start":{"line":68,"column":8},"end":{"line":74,"column":9}},"43":{"start":{"line":69,"column":10},"end":{"line":69,"column":53}},"44":{"start":{"line":70,"column":10},"end":{"line":70,"column":25}},"45":{"start":{"line":71,"column":10},"end":{"line":71,"column":50}},"46":{"start":{"line":73,"column":10},"end":{"line":73,"column":96}},"47":{"start":{"line":76,"column":8},"end":{"line":76,"column":94}},"48":{"start":{"line":77,"column":8},"end":{"line":77,"column":48}},"49":{"start":{"line":80,"column":4},"end":{"line":82,"column":6}},"50":{"start":{"line":81,"column":6},"end":{"line":81,"column":58}},"51":{"start":{"line":83,"column":4},"end":{"line":83,"column":28}},"52":{"start":{"line":86,"column":30},"end":{"line":101,"column":3}},"53":{"start":{"line":87,"column":4},"end":{"line":100,"column":5}},"54":{"start":{"line":92,"column":6},"end":{"line":99,"column":7}},"55":{"start":{"line":93,"column":8},"end":{"line":93,"column":39}},"56":{"start":{"line":94,"column":8},"end":{"line":94,"column":24}},"57":{"start":{"line":95,"column":8},"end":{"line":95,"column":23}},"58":{"start":{"line":97,"column":8},"end":{"line":97,"column":61}},"59":{"start":{"line":98,"column":8},"end":{"line":98,"column":54}},"60":{"start":{"line":103,"column":2},"end":{"line":158,"column":4}},"61":{"start":{"line":134,"column":25},"end":{"line":134,"column":54}}},"fnMap":{"0":{"name":"ExportOptions","decl":{"start":{"line":6,"column":16},"end":{"line":6,"column":29}},"loc":{"start":{"line":6,"column":32},"end":{"line":159,"column":1}},"line":6},"1":{"name":"(anonymous_1)","decl":{"start":{"line":11,"column":27},"end":{"line":11,"column":28}},"loc":{"start":{"line":11,"column":33},"end":{"line":28,"column":3}},"line":11},"2":{"name":"(anonymous_2)","decl":{"start":{"line":30,"column":27},"end":{"line":30,"column":28}},"loc":{"start":{"line":30,"column":33},"end":{"line":58,"column":3}},"line":30},"3":{"name":"(anonymous_3)","decl":{"start":{"line":33,"column":13},"end":{"line":33,"column":14}},"loc":{"start":{"line":33,"column":26},"end":{"line":41,"column":9}},"line":33},"4":{"name":"(anonymous_4)","decl":{"start":{"line":60,"column":23},"end":{"line":60,"column":24}},"loc":{"start":{"line":60,"column":71},"end":{"line":84,"column":3}},"line":60},"5":{"name":"(anonymous_5)","decl":{"start":{"line":65,"column":20},"end":{"line":65,"column":21}},"loc":{"start":{"line":65,"column":27},"end":{"line":79,"column":5}},"line":65},"6":{"name":"(anonymous_6)","decl":{"start":{"line":80,"column":21},"end":{"line":80,"column":22}},"loc":{"start":{"line":80,"column":27},"end":{"line":82,"column":5}},"line":80},"7":{"name":"(anonymous_7)","decl":{"start":{"line":86,"column":30},"end":{"line":86,"column":31}},"loc":{"start":{"line":86,"column":36},"end":{"line":101,"column":3}},"line":86},"8":{"name":"(anonymous_8)","decl":{"start":{"line":134,"column":19},"end":{"line":134,"column":20}},"loc":{"start":{"line":134,"column":25},"end":{"line":134,"column":54}},"line":134}},"branchMap":{"0":{"loc":{"start":{"line":62,"column":4},"end":{"line":62,"column":22}},"type":"if","locations":[{"start":{"line":62,"column":4},"end":{"line":62,"column":22}},{"start":{},"end":{}}],"line":62},"1":{"loc":{"start":{"line":68,"column":8},"end":{"line":74,"column":9}},"type":"if","locations":[{"start":{"line":68,"column":8},"end":{"line":74,"column":9}},{"start":{"line":72,"column":15},"end":{"line":74,"column":9}}],"line":68},"2":{"loc":{"start":{"line":87,"column":4},"end":{"line":100,"column":5}},"type":"if","locations":[{"start":{"line":87,"column":4},"end":{"line":100,"column":5}},{"start":{},"end":{}}],"line":87},"3":{"loc":{"start":{"line":109,"column":7},"end":{"line":114,"column":7}},"type":"binary-expr","locations":[{"start":{"line":109,"column":7},"end":{"line":109,"column":12}},{"start":{"line":110,"column":8},"end":{"line":113,"column":14}}],"line":109}},"s":{"0":0,"1":0,"2":0,"3":0,"4":0,"5":0,"6":0,"7":0,"8":0,"9":0,"10":0,"11":0,"12":0,"13":0,"14":0,"15":0,"16":0,"17":0,"18":0,"19":0,"20":0,"21":0,"22":0,"23":0,"24":0,"25":0,"26":0,"27":0,"28":0,"29":0,"30":0,"31":0,"32":0,"33":0,"34":0,"35":0,"36":0,"37":0,"38":0,"39":0,"40":0,"41":0,"42":0,"43":0,"44":0,"45":0,"46":0,"47":0,"48":0,"49":0,"50":0,"51":0,"52":0,"53":0,"54":0,"55":0,"56":0,"57":0,"58":0,"59":0,"60":0,"61":0},"f":{"0":0,"1":0,"2":0,"3":0,"4":0,"5":0,"6":0,"7":0,"8":0},"b":{"0":[0,0],"1":[0,0],"2":[0,0],"3":[0,0]}}
,"/home/jonh_vito/Área de trabalho/horario/src/components/Legend.tsx": {"path":"/home/jonh_vito/Área de trabalho/horario/src/components/Legend.tsx","statementMap":{"0":{"start":{"line":6,"column":44},"end":{"line":6,"column":73}},"1":{"start":{"line":7,"column":21},"end":{"line":7,"column":56}},"2":{"start":{"line":10,"column":4},"end":{"line":10,"column":27}},"3":{"start":{"line":11,"column":4},"end":{"line":11,"column":61}},"4":{"start":{"line":11,"column":28},"end":{"line":11,"column":61}},"5":{"start":{"line":12,"column":4},"end":{"line":12,"column":72}},"6":{"start":{"line":12,"column":42},"end":{"line":12,"column":64}},"7":{"start":{"line":15,"column":2},"end":{"line":131,"column":4}},"8":{"start":{"line":32,"column":20},"end":{"line":40,"column":25}},"9":{"start":{"line":47,"column":20},"end":{"line":55,"column":25}},"10":{"start":{"line":66,"column":14},"end":{"line":80,"column":23}},"11":{"start":{"line":69,"column":31},"end":{"line":69,"column":54}},"12":{"start":{"line":88,"column":12},"end":{"line":126,"column":18}},"13":{"start":{"line":110,"column":20},"end":{"line":122,"column":25}}},"fnMap":{"0":{"name":"Legend","decl":{"start":{"line":5,"column":16},"end":{"line":5,"column":22}},"loc":{"start":{"line":5,"column":25},"end":{"line":132,"column":1}},"line":5},"1":{"name":"handleSelectShift","decl":{"start":{"line":9,"column":11},"end":{"line":9,"column":28}},"loc":{"start":{"line":9,"column":43},"end":{"line":13,"column":3}},"line":9},"2":{"name":"(anonymous_2)","decl":{"start":{"line":12,"column":36},"end":{"line":12,"column":37}},"loc":{"start":{"line":12,"column":42},"end":{"line":12,"column":64}},"line":12},"3":{"name":"(anonymous_3)","decl":{"start":{"line":31,"column":23},"end":{"line":31,"column":24}},"loc":{"start":{"line":32,"column":20},"end":{"line":40,"column":25}},"line":32},"4":{"name":"(anonymous_4)","decl":{"start":{"line":46,"column":23},"end":{"line":46,"column":24}},"loc":{"start":{"line":47,"column":20},"end":{"line":55,"column":25}},"line":47},"5":{"name":"(anonymous_5)","decl":{"start":{"line":65,"column":44},"end":{"line":65,"column":45}},"loc":{"start":{"line":66,"column":14},"end":{"line":80,"column":23}},"line":66},"6":{"name":"(anonymous_6)","decl":{"start":{"line":69,"column":25},"end":{"line":69,"column":26}},"loc":{"start":{"line":69,"column":31},"end":{"line":69,"column":54}},"line":69},"7":{"name":"(anonymous_7)","decl":{"start":{"line":87,"column":42},"end":{"line":87,"column":43}},"loc":{"start":{"line":88,"column":12},"end":{"line":126,"column":18}},"line":88},"8":{"name":"(anonymous_8)","decl":{"start":{"line":109,"column":29},"end":{"line":109,"column":30}},"loc":{"start":{"line":110,"column":20},"end":{"line":122,"column":25}},"line":110}},"branchMap":{"0":{"loc":{"start":{"line":11,"column":4},"end":{"line":11,"column":61}},"type":"if","locations":[{"start":{"line":11,"column":4},"end":{"line":11,"column":61}},{"start":{},"end":{}}],"line":11},"1":{"loc":{"start":{"line":72,"column":20},"end":{"line":74,"column":164}},"type":"cond-expr","locations":[{"start":{"line":73,"column":24},"end":{"line":73,"column":101}},{"start":{"line":74,"column":24},"end":{"line":74,"column":164}}],"line":72},"2":{"loc":{"start":{"line":91,"column":16},"end":{"line":91,"column":155}},"type":"cond-expr","locations":[{"start":{"line":91,"column":42},"end":{"line":91,"column":150}},{"start":{"line":91,"column":153},"end":{"line":91,"column":155}}],"line":91},"3":{"loc":{"start":{"line":113,"column":24},"end":{"line":113,"column":99}},"type":"cond-expr","locations":[{"start":{"line":113,"column":40},"end":{"line":113,"column":69}},{"start":{"line":113,"column":72},"end":{"line":113,"column":99}}],"line":113}},"s":{"0":0,"1":0,"2":0,"3":0,"4":0,"5":0,"6":0,"7":0,"8":0,"9":0,"10":0,"11":0,"12":0,"13":0},"f":{"0":0,"1":0,"2":0,"3":0,"4":0,"5":0,"6":0,"7":0,"8":0},"b":{"0":[0,0],"1":[0,0],"2":[0,0],"3":[0,0]}}
,"/home/jonh_vito/Área de trabalho/horario/src/components/Notification.tsx": {"path":"/home/jonh_vito/Área de trabalho/horario/src/components/Notification.tsx","statementMap":{"0":{"start":{"line":13,"column":14},"end":{"line":18,"column":1}},"1":{"start":{"line":20,"column":15},"end":{"line":28,"column":1}},"2":{"start":{"line":31,"column":2},"end":{"line":36,"column":26}},"3":{"start":{"line":32,"column":4},"end":{"line":35,"column":5}},"4":{"start":{"line":33,"column":20},"end":{"line":33,"column":49}},"5":{"start":{"line":34,"column":6},"end":{"line":34,"column":39}},"6":{"start":{"line":34,"column":19},"end":{"line":34,"column":38}},"7":{"start":{"line":38,"column":15},"end":{"line":38,"column":26}},"8":{"start":{"line":40,"column":2},"end":{"line":55,"column":4}}},"fnMap":{"0":{"name":"Notification","decl":{"start":{"line":30,"column":16},"end":{"line":30,"column":28}},"loc":{"start":{"line":30,"column":93},"end":{"line":56,"column":1}},"line":30},"1":{"name":"(anonymous_1)","decl":{"start":{"line":31,"column":12},"end":{"line":31,"column":13}},"loc":{"start":{"line":31,"column":18},"end":{"line":36,"column":3}},"line":31},"2":{"name":"(anonymous_2)","decl":{"start":{"line":34,"column":13},"end":{"line":34,"column":14}},"loc":{"start":{"line":34,"column":19},"end":{"line":34,"column":38}},"line":34}},"branchMap":{"0":{"loc":{"start":{"line":30,"column":55},"end":{"line":30,"column":70}},"type":"default-arg","locations":[{"start":{"line":30,"column":66},"end":{"line":30,"column":70}}],"line":30},"1":{"loc":{"start":{"line":32,"column":4},"end":{"line":35,"column":5}},"type":"if","locations":[{"start":{"line":32,"column":4},"end":{"line":35,"column":5}},{"start":{},"end":{}}],"line":32}},"s":{"0":0,"1":0,"2":0,"3":0,"4":0,"5":0,"6":0,"7":0,"8":0},"f":{"0":0,"1":0,"2":0},"b":{"0":[0],"1":[0,0]}}
,"/home/jonh_vito/Área de trabalho/horario/src/components/ScheduleGrid.tsx": {"path":"/home/jonh_vito/Área de trabalho/horario/src/components/ScheduleGrid.tsx","statementMap":{"0":{"start":{"line":13,"column":28},"end":{"line":165,"column":2}},"1":{"start":{"line":18,"column":46},"end":{"line":18,"column":62}},"2":{"start":{"line":21,"column":19},"end":{"line":40,"column":16}},"3":{"start":{"line":22,"column":81},"end":{"line":22,"column":83}},"4":{"start":{"line":23,"column":4},"end":{"line":31,"column":7}},"5":{"start":{"line":24,"column":6},"end":{"line":24,"column":23}},"6":{"start":{"line":25,"column":6},"end":{"line":30,"column":9}},"7":{"start":{"line":26,"column":8},"end":{"line":26,"column":30}},"8":{"start":{"line":27,"column":8},"end":{"line":29,"column":11}},"9":{"start":{"line":28,"column":10},"end":{"line":28,"column":43}},"10":{"start":{"line":32,"column":4},"end":{"line":38,"column":7}},"11":{"start":{"line":33,"column":6},"end":{"line":37,"column":9}},"12":{"start":{"line":34,"column":8},"end":{"line":36,"column":11}},"13":{"start":{"line":35,"column":10},"end":{"line":35,"column":59}},"14":{"start":{"line":39,"column":4},"end":{"line":39,"column":16}},"15":{"start":{"line":42,"column":26},"end":{"line":49,"column":3}},"16":{"start":{"line":44,"column":6},"end":{"line":46,"column":7}},"17":{"start":{"line":45,"column":8},"end":{"line":45,"column":31}},"18":{"start":{"line":51,"column":21},"end":{"line":103,"column":3}},"19":{"start":{"line":53,"column":22},"end":{"line":53,"column":47}},"20":{"start":{"line":54,"column":24},"end":{"line":59,"column":12}},"21":{"start":{"line":60,"column":6},"end":{"line":100,"column":8}},"22":{"start":{"line":73,"column":20},"end":{"line":73,"column":40}},"23":{"start":{"line":74,"column":20},"end":{"line":74,"column":43}},"24":{"start":{"line":83,"column":20},"end":{"line":83,"column":40}},"25":{"start":{"line":84,"column":20},"end":{"line":84,"column":48}},"26":{"start":{"line":96,"column":29},"end":{"line":96,"column":71}},"27":{"start":{"line":105,"column":2},"end":{"line":164,"column":4}},"28":{"start":{"line":119,"column":20},"end":{"line":124,"column":25}},"29":{"start":{"line":130,"column":39},"end":{"line":130,"column":69}},"30":{"start":{"line":132,"column":20},"end":{"line":156,"column":37}},"31":{"start":{"line":142,"column":24},"end":{"line":154,"column":29}},"32":{"start":{"line":152,"column":28},"end":{"line":152,"column":90}}},"fnMap":{"0":{"name":"ScheduleGrid","decl":{"start":{"line":13,"column":48},"end":{"line":13,"column":60}},"loc":{"start":{"line":17,"column":22},"end":{"line":165,"column":1}},"line":17},"1":{"name":"(anonymous_1)","decl":{"start":{"line":21,"column":27},"end":{"line":21,"column":28}},"loc":{"start":{"line":21,"column":33},"end":{"line":40,"column":3}},"line":21},"2":{"name":"(anonymous_2)","decl":{"start":{"line":23,"column":36},"end":{"line":23,"column":37}},"loc":{"start":{"line":23,"column":47},"end":{"line":31,"column":5}},"line":23},"3":{"name":"(anonymous_3)","decl":{"start":{"line":25,"column":36},"end":{"line":25,"column":37}},"loc":{"start":{"line":25,"column":45},"end":{"line":30,"column":7}},"line":25},"4":{"name":"(anonymous_4)","decl":{"start":{"line":27,"column":53},"end":{"line":27,"column":54}},"loc":{"start":{"line":27,"column":63},"end":{"line":29,"column":9}},"line":27},"5":{"name":"(anonymous_5)","decl":{"start":{"line":32,"column":21},"end":{"line":32,"column":22}},"loc":{"start":{"line":32,"column":34},"end":{"line":38,"column":5}},"line":32},"6":{"name":"(anonymous_6)","decl":{"start":{"line":33,"column":27},"end":{"line":33,"column":28}},"loc":{"start":{"line":33,"column":36},"end":{"line":37,"column":7}},"line":33},"7":{"name":"(anonymous_7)","decl":{"start":{"line":34,"column":34},"end":{"line":34,"column":35}},"loc":{"start":{"line":34,"column":44},"end":{"line":36,"column":9}},"line":34},"8":{"name":"(anonymous_8)","decl":{"start":{"line":43,"column":4},"end":{"line":43,"column":5}},"loc":{"start":{"line":43,"column":75},"end":{"line":47,"column":5}},"line":43},"9":{"name":"(anonymous_9)","decl":{"start":{"line":52,"column":4},"end":{"line":52,"column":5}},"loc":{"start":{"line":52,"column":75},"end":{"line":101,"column":5}},"line":52},"10":{"name":"(anonymous_10)","decl":{"start":{"line":72,"column":27},"end":{"line":72,"column":28}},"loc":{"start":{"line":72,"column":34},"end":{"line":75,"column":19}},"line":72},"11":{"name":"(anonymous_11)","decl":{"start":{"line":82,"column":27},"end":{"line":82,"column":28}},"loc":{"start":{"line":82,"column":34},"end":{"line":85,"column":19}},"line":82},"12":{"name":"(anonymous_12)","decl":{"start":{"line":96,"column":23},"end":{"line":96,"column":24}},"loc":{"start":{"line":96,"column":29},"end":{"line":96,"column":71}},"line":96},"13":{"name":"(anonymous_13)","decl":{"start":{"line":118,"column":48},"end":{"line":118,"column":49}},"loc":{"start":{"line":119,"column":20},"end":{"line":124,"column":25}},"line":119},"14":{"name":"(anonymous_14)","decl":{"start":{"line":130,"column":26},"end":{"line":130,"column":27}},"loc":{"start":{"line":130,"column":39},"end":{"line":130,"column":69}},"line":130},"15":{"name":"(anonymous_15)","decl":{"start":{"line":131,"column":23},"end":{"line":131,"column":24}},"loc":{"start":{"line":132,"column":20},"end":{"line":156,"column":37}},"line":132},"16":{"name":"(anonymous_16)","decl":{"start":{"line":141,"column":33},"end":{"line":141,"column":34}},"loc":{"start":{"line":142,"column":24},"end":{"line":154,"column":29}},"line":142},"17":{"name":"(anonymous_17)","decl":{"start":{"line":151,"column":53},"end":{"line":151,"column":54}},"loc":{"start":{"line":152,"column":28},"end":{"line":152,"column":90}},"line":152}},"branchMap":{"0":{"loc":{"start":{"line":44,"column":6},"end":{"line":46,"column":7}},"type":"if","locations":[{"start":{"line":44,"column":6},"end":{"line":46,"column":7}},{"start":{},"end":{}}],"line":44},"1":{"loc":{"start":{"line":54,"column":24},"end":{"line":59,"column":12}},"type":"cond-expr","locations":[{"start":{"line":55,"column":10},"end":{"line":58,"column":11}},{"start":{"line":59,"column":10},"end":{"line":59,"column":12}}],"line":54},"2":{"loc":{"start":{"line":66,"column":11},"end":{"line":98,"column":11}},"type":"cond-expr","locations":[{"start":{"line":67,"column":12},"end":{"line":92,"column":18}},{"start":{"line":94,"column":12},"end":{"line":97,"column":14}}],"line":66}},"s":{"0":0,"1":0,"2":0,"3":0,"4":0,"5":0,"6":0,"7":0,"8":0,"9":0,"10":0,"11":0,"12":0,"13":0,"14":0,"15":0,"16":0,"17":0,"18":0,"19":0,"20":0,"21":0,"22":0,"23":0,"24":0,"25":0,"26":0,"27":0,"28":0,"29":0,"30":0,"31":0,"32":0},"f":{"0":0,"1":0,"2":0,"3":0,"4":0,"5":0,"6":0,"7":0,"8":0,"9":0,"10":0,"11":0,"12":0,"13":0,"14":0,"15":0,"16":0,"17":0},"b":{"0":[0,0],"1":[0,0],"2":[0,0]}}
,"/home/jonh_vito/Área de trabalho/horario/src/components/ShiftFilter.tsx": {"path":"/home/jonh_vito/Área de trabalho/horario/src/components/ShiftFilter.tsx","statementMap":{"0":{"start":{"line":10,"column":28},"end":{"line":16,"column":3}},"1":{"start":{"line":11,"column":4},"end":{"line":15,"column":5}},"2":{"start":{"line":12,"column":6},"end":{"line":12,"column":58}},"3":{"start":{"line":12,"column":44},"end":{"line":12,"column":55}},"4":{"start":{"line":14,"column":6},"end":{"line":14,"column":43}},"5":{"start":{"line":18,"column":2},"end":{"line":38,"column":4}},"6":{"start":{"line":24,"column":8},"end":{"line":35,"column":17}},"7":{"start":{"line":26,"column":25},"end":{"line":26,"column":49}}},"fnMap":{"0":{"name":"ShiftFilter","decl":{"start":{"line":9,"column":16},"end":{"line":9,"column":27}},"loc":{"start":{"line":9,"column":76},"end":{"line":39,"column":1}},"line":9},"1":{"name":"(anonymous_1)","decl":{"start":{"line":10,"column":28},"end":{"line":10,"column":29}},"loc":{"start":{"line":10,"column":47},"end":{"line":16,"column":3}},"line":10},"2":{"name":"(anonymous_2)","decl":{"start":{"line":12,"column":37},"end":{"line":12,"column":38}},"loc":{"start":{"line":12,"column":44},"end":{"line":12,"column":55}},"line":12},"3":{"name":"(anonymous_3)","decl":{"start":{"line":23,"column":38},"end":{"line":23,"column":39}},"loc":{"start":{"line":24,"column":8},"end":{"line":35,"column":17}},"line":24},"4":{"name":"(anonymous_4)","decl":{"start":{"line":26,"column":19},"end":{"line":26,"column":20}},"loc":{"start":{"line":26,"column":25},"end":{"line":26,"column":49}},"line":26}},"branchMap":{"0":{"loc":{"start":{"line":11,"column":4},"end":{"line":15,"column":5}},"type":"if","locations":[{"start":{"line":11,"column":4},"end":{"line":15,"column":5}},{"start":{"line":13,"column":11},"end":{"line":15,"column":5}}],"line":11},"1":{"loc":{"start":{"line":29,"column":14},"end":{"line":31,"column":122}},"type":"cond-expr","locations":[{"start":{"line":30,"column":18},"end":{"line":30,"column":46}},{"start":{"line":31,"column":18},"end":{"line":31,"column":122}}],"line":29}},"s":{"0":0,"1":0,"2":0,"3":0,"4":0,"5":0,"6":0,"7":0},"f":{"0":0,"1":0,"2":0,"3":0,"4":0},"b":{"0":[0,0],"1":[0,0]}}
,"/home/jonh_vito/Área de trabalho/horario/src/components/SubjectForm.tsx": {"path":"/home/jonh_vito/Área de trabalho/horario/src/components/SubjectForm.tsx","statementMap":{"0":{"start":{"line":23,"column":31},"end":{"line":23,"column":48}},"1":{"start":{"line":24,"column":34},"end":{"line":32,"column":4}},"2":{"start":{"line":33,"column":30},"end":{"line":33,"column":52}},"3":{"start":{"line":34,"column":32},"end":{"line":34,"column":69}},"4":{"start":{"line":35,"column":36},"end":{"line":35,"column":68}},"5":{"start":{"line":37,"column":2},"end":{"line":62,"column":31}},"6":{"start":{"line":38,"column":4},"end":{"line":58,"column":5}},"7":{"start":{"line":39,"column":6},"end":{"line":47,"column":9}},"8":{"start":{"line":49,"column":6},"end":{"line":57,"column":9}},"9":{"start":{"line":59,"column":4},"end":{"line":59,"column":18}},"10":{"start":{"line":60,"column":4},"end":{"line":60,"column":19}},"11":{"start":{"line":61,"column":4},"end":{"line":61,"column":21}},"12":{"start":{"line":64,"column":2},"end":{"line":81,"column":17}},"13":{"start":{"line":65,"column":29},"end":{"line":71,"column":5}},"14":{"start":{"line":73,"column":4},"end":{"line":78,"column":5}},"15":{"start":{"line":74,"column":35},"end":{"line":74,"column":78}},"16":{"start":{"line":75,"column":6},"end":{"line":77,"column":7}},"17":{"start":{"line":76,"column":8},"end":{"line":76,"column":39}},"18":{"start":{"line":80,"column":4},"end":{"line":80,"column":32}},"19":{"start":{"line":83,"column":23},"end":{"line":99,"column":3}},"20":{"start":{"line":84,"column":28},"end":{"line":84,"column":36}},"21":{"start":{"line":85,"column":4},"end":{"line":85,"column":56}},"22":{"start":{"line":85,"column":27},"end":{"line":85,"column":53}},"23":{"start":{"line":86,"column":4},"end":{"line":86,"column":54}},"24":{"start":{"line":86,"column":26},"end":{"line":86,"column":51}},"25":{"start":{"line":88,"column":4},"end":{"line":98,"column":5}},"26":{"start":{"line":89,"column":25},"end":{"line":89,"column":49}},"27":{"start":{"line":90,"column":6},"end":{"line":97,"column":7}},"28":{"start":{"line":91,"column":8},"end":{"line":96,"column":12}},"29":{"start":{"line":91,"column":31},"end":{"line":96,"column":9}},"30":{"start":{"line":101,"column":26},"end":{"line":107,"column":3}},"31":{"start":{"line":102,"column":4},"end":{"line":105,"column":8}},"32":{"start":{"line":102,"column":27},"end":{"line":105,"column":5}},"33":{"start":{"line":104,"column":62},"end":{"line":104,"column":71}},"34":{"start":{"line":106,"column":4},"end":{"line":106,"column":52}},"35":{"start":{"line":106,"column":26},"end":{"line":106,"column":49}},"36":{"start":{"line":109,"column":31},"end":{"line":117,"column":3}},"37":{"start":{"line":110,"column":4},"end":{"line":115,"column":8}},"38":{"start":{"line":110,"column":27},"end":{"line":115,"column":5}},"39":{"start":{"line":113,"column":39},"end":{"line":113,"column":49}},"40":{"start":{"line":116,"column":4},"end":{"line":116,"column":57}},"41":{"start":{"line":116,"column":26},"end":{"line":116,"column":54}},"42":{"start":{"line":119,"column":23},"end":{"line":157,"column":3}},"43":{"start":{"line":120,"column":4},"end":{"line":120,"column":23}},"44":{"start":{"line":122,"column":4},"end":{"line":125,"column":5}},"45":{"start":{"line":123,"column":6},"end":{"line":123,"column":77}},"46":{"start":{"line":124,"column":6},"end":{"line":124,"column":13}},"47":{"start":{"line":127,"column":4},"end":{"line":156,"column":5}},"48":{"start":{"line":128,"column":24},"end":{"line":139,"column":7}},"49":{"start":{"line":141,"column":6},"end":{"line":145,"column":7}},"50":{"start":{"line":142,"column":8},"end":{"line":142,"column":32}},"51":{"start":{"line":143,"column":8},"end":{"line":143,"column":71}},"52":{"start":{"line":144,"column":8},"end":{"line":144,"column":15}},"53":{"start":{"line":147,"column":6},"end":{"line":155,"column":9}},"54":{"start":{"line":159,"column":25},"end":{"line":164,"column":3}},"55":{"start":{"line":160,"column":4},"end":{"line":163,"column":6}},"56":{"start":{"line":162,"column":29},"end":{"line":162,"column":82}},"57":{"start":{"line":166,"column":2},"end":{"line":166,"column":27}},"58":{"start":{"line":166,"column":15},"end":{"line":166,"column":27}},"59":{"start":{"line":168,"column":2},"end":{"line":394,"column":4}},"60":{"start":{"line":206,"column":38},"end":{"line":206,"column":70}},"61":{"start":{"line":229,"column":38},"end":{"line":229,"column":71}},"62":{"start":{"line":269,"column":38},"end":{"line":269,"column":72}},"63":{"start":{"line":285,"column":16},"end":{"line":293,"column":24}},"64":{"start":{"line":289,"column":36},"end":{"line":289,"column":64}},"65":{"start":{"line":298,"column":36},"end":{"line":298,"column":68}},"66":{"start":{"line":309,"column":16},"end":{"line":319,"column":24}},"67":{"start":{"line":324,"column":36},"end":{"line":324,"column":69}},"68":{"start":{"line":336,"column":18},"end":{"line":344,"column":26}},"69":{"start":{"line":340,"column":38},"end":{"line":340,"column":67}},"70":{"start":{"line":349,"column":38},"end":{"line":349,"column":74}},"71":{"start":{"line":365,"column":22},"end":{"line":368,"column":27}}},"fnMap":{"0":{"name":"SubjectForm","decl":{"start":{"line":22,"column":16},"end":{"line":22,"column":27}},"loc":{"start":{"line":22,"column":91},"end":{"line":395,"column":1}},"line":22},"1":{"name":"(anonymous_1)","decl":{"start":{"line":37,"column":12},"end":{"line":37,"column":13}},"loc":{"start":{"line":37,"column":18},"end":{"line":62,"column":3}},"line":37},"2":{"name":"(anonymous_2)","decl":{"start":{"line":64,"column":12},"end":{"line":64,"column":13}},"loc":{"start":{"line":64,"column":18},"end":{"line":81,"column":3}},"line":64},"3":{"name":"(anonymous_3)","decl":{"start":{"line":83,"column":23},"end":{"line":83,"column":24}},"loc":{"start":{"line":83,"column":87},"end":{"line":99,"column":3}},"line":83},"4":{"name":"(anonymous_4)","decl":{"start":{"line":85,"column":16},"end":{"line":85,"column":17}},"loc":{"start":{"line":85,"column":27},"end":{"line":85,"column":53}},"line":85},"5":{"name":"(anonymous_5)","decl":{"start":{"line":86,"column":15},"end":{"line":86,"column":16}},"loc":{"start":{"line":86,"column":26},"end":{"line":86,"column":51}},"line":86},"6":{"name":"(anonymous_6)","decl":{"start":{"line":91,"column":20},"end":{"line":91,"column":21}},"loc":{"start":{"line":91,"column":31},"end":{"line":96,"column":9}},"line":91},"7":{"name":"(anonymous_7)","decl":{"start":{"line":101,"column":26},"end":{"line":101,"column":27}},"loc":{"start":{"line":101,"column":43},"end":{"line":107,"column":3}},"line":101},"8":{"name":"(anonymous_8)","decl":{"start":{"line":102,"column":16},"end":{"line":102,"column":17}},"loc":{"start":{"line":102,"column":27},"end":{"line":105,"column":5}},"line":102},"9":{"name":"(anonymous_9)","decl":{"start":{"line":104,"column":55},"end":{"line":104,"column":56}},"loc":{"start":{"line":104,"column":62},"end":{"line":104,"column":71}},"line":104},"10":{"name":"(anonymous_10)","decl":{"start":{"line":106,"column":15},"end":{"line":106,"column":16}},"loc":{"start":{"line":106,"column":26},"end":{"line":106,"column":49}},"line":106},"11":{"name":"(anonymous_11)","decl":{"start":{"line":109,"column":31},"end":{"line":109,"column":32}},"loc":{"start":{"line":109,"column":49},"end":{"line":117,"column":3}},"line":109},"12":{"name":"(anonymous_12)","decl":{"start":{"line":110,"column":16},"end":{"line":110,"column":17}},"loc":{"start":{"line":110,"column":27},"end":{"line":115,"column":5}},"line":110},"13":{"name":"(anonymous_13)","decl":{"start":{"line":113,"column":32},"end":{"line":113,"column":33}},"loc":{"start":{"line":113,"column":39},"end":{"line":113,"column":49}},"line":113},"14":{"name":"(anonymous_14)","decl":{"start":{"line":116,"column":15},"end":{"line":116,"column":16}},"loc":{"start":{"line":116,"column":26},"end":{"line":116,"column":54}},"line":116},"15":{"name":"(anonymous_15)","decl":{"start":{"line":119,"column":23},"end":{"line":119,"column":24}},"loc":{"start":{"line":119,"column":47},"end":{"line":157,"column":3}},"line":119},"16":{"name":"(anonymous_16)","decl":{"start":{"line":159,"column":25},"end":{"line":159,"column":26}},"loc":{"start":{"line":159,"column":48},"end":{"line":164,"column":3}},"line":159},"17":{"name":"(anonymous_17)","decl":{"start":{"line":162,"column":18},"end":{"line":162,"column":19}},"loc":{"start":{"line":162,"column":29},"end":{"line":162,"column":82}},"line":162},"18":{"name":"(anonymous_18)","decl":{"start":{"line":206,"column":31},"end":{"line":206,"column":32}},"loc":{"start":{"line":206,"column":38},"end":{"line":206,"column":70}},"line":206},"19":{"name":"(anonymous_19)","decl":{"start":{"line":229,"column":31},"end":{"line":229,"column":32}},"loc":{"start":{"line":229,"column":38},"end":{"line":229,"column":71}},"line":229},"20":{"name":"(anonymous_20)","decl":{"start":{"line":269,"column":31},"end":{"line":269,"column":32}},"loc":{"start":{"line":269,"column":38},"end":{"line":269,"column":72}},"line":269},"21":{"name":"(anonymous_21)","decl":{"start":{"line":284,"column":44},"end":{"line":284,"column":45}},"loc":{"start":{"line":285,"column":16},"end":{"line":293,"column":24}},"line":285},"22":{"name":"(anonymous_22)","decl":{"start":{"line":289,"column":30},"end":{"line":289,"column":31}},"loc":{"start":{"line":289,"column":36},"end":{"line":289,"column":64}},"line":289},"23":{"name":"(anonymous_23)","decl":{"start":{"line":298,"column":29},"end":{"line":298,"column":30}},"loc":{"start":{"line":298,"column":36},"end":{"line":298,"column":68}},"line":298},"24":{"name":"(anonymous_24)","decl":{"start":{"line":308,"column":46},"end":{"line":308,"column":47}},"loc":{"start":{"line":309,"column":16},"end":{"line":319,"column":24}},"line":309},"25":{"name":"(anonymous_25)","decl":{"start":{"line":324,"column":29},"end":{"line":324,"column":30}},"loc":{"start":{"line":324,"column":36},"end":{"line":324,"column":69}},"line":324},"26":{"name":"(anonymous_26)","decl":{"start":{"line":335,"column":67},"end":{"line":335,"column":68}},"loc":{"start":{"line":336,"column":18},"end":{"line":344,"column":26}},"line":336},"27":{"name":"(anonymous_27)","decl":{"start":{"line":340,"column":32},"end":{"line":340,"column":33}},"loc":{"start":{"line":340,"column":38},"end":{"line":340,"column":67}},"line":340},"28":{"name":"(anonymous_28)","decl":{"start":{"line":349,"column":31},"end":{"line":349,"column":32}},"loc":{"start":{"line":349,"column":38},"end":{"line":349,"column":74}},"line":349},"29":{"name":"(anonymous_29)","decl":{"start":{"line":364,"column":35},"end":{"line":364,"column":36}},"loc":{"start":{"line":365,"column":22},"end":{"line":368,"column":27}},"line":365}},"branchMap":{"0":{"loc":{"start":{"line":38,"column":4},"end":{"line":58,"column":5}},"type":"if","locations":[{"start":{"line":38,"column":4},"end":{"line":58,"column":5}},{"start":{"line":48,"column":11},"end":{"line":58,"column":5}}],"line":38},"1":{"loc":{"start":{"line":46,"column":22},"end":{"line":46,"column":55}},"type":"binary-expr","locations":[{"start":{"line":46,"column":22},"end":{"line":46,"column":49}},{"start":{"line":46,"column":53},"end":{"line":46,"column":55}}],"line":46},"2":{"loc":{"start":{"line":73,"column":4},"end":{"line":78,"column":5}},"type":"if","locations":[{"start":{"line":73,"column":4},"end":{"line":78,"column":5}},{"start":{},"end":{}}],"line":73},"3":{"loc":{"start":{"line":75,"column":6},"end":{"line":77,"column":7}},"type":"if","locations":[{"start":{"line":75,"column":6},"end":{"line":77,"column":7}},{"start":{},"end":{}}],"line":75},"4":{"loc":{"start":{"line":75,"column":10},"end":{"line":75,"column":29}},"type":"binary-expr","locations":[{"start":{"line":75,"column":10},"end":{"line":75,"column":18}},{"start":{"line":75,"column":22},"end":{"line":75,"column":29}}],"line":75},"5":{"loc":{"start":{"line":88,"column":4},"end":{"line":98,"column":5}},"type":"if","locations":[{"start":{"line":88,"column":4},"end":{"line":98,"column":5}},{"start":{},"end":{}}],"line":88},"6":{"loc":{"start":{"line":90,"column":6},"end":{"line":97,"column":7}},"type":"if","locations":[{"start":{"line":90,"column":6},"end":{"line":97,"column":7}},{"start":{},"end":{}}],"line":90},"7":{"loc":{"start":{"line":104,"column":12},"end":{"line":104,"column":94}},"type":"cond-expr","locations":[{"start":{"line":104,"column":38},"end":{"line":104,"column":72}},{"start":{"line":104,"column":75},"end":{"line":104,"column":94}}],"line":104},"8":{"loc":{"start":{"line":112,"column":17},"end":{"line":114,"column":35}},"type":"cond-expr","locations":[{"start":{"line":113,"column":10},"end":{"line":113,"column":50}},{"start":{"line":114,"column":10},"end":{"line":114,"column":35}}],"line":112},"9":{"loc":{"start":{"line":122,"column":4},"end":{"line":125,"column":5}},"type":"if","locations":[{"start":{"line":122,"column":4},"end":{"line":125,"column":5}},{"start":{},"end":{}}],"line":122},"10":{"loc":{"start":{"line":127,"column":4},"end":{"line":156,"column":5}},"type":"if","locations":[{"start":{"line":127,"column":4},"end":{"line":156,"column":5}},{"start":{},"end":{}}],"line":127},"11":{"loc":{"start":{"line":136,"column":24},"end":{"line":136,"column":58}},"type":"binary-expr","locations":[{"start":{"line":136,"column":24},"end":{"line":136,"column":45}},{"start":{"line":136,"column":49},"end":{"line":136,"column":58}}],"line":136},"12":{"loc":{"start":{"line":141,"column":6},"end":{"line":145,"column":7}},"type":"if","locations":[{"start":{"line":141,"column":6},"end":{"line":145,"column":7}},{"start":{},"end":{}}],"line":141},"13":{"loc":{"start":{"line":154,"column":22},"end":{"line":154,"column":56}},"type":"binary-expr","locations":[{"start":{"line":154,"column":22},"end":{"line":154,"column":43}},{"start":{"line":154,"column":47},"end":{"line":154,"column":56}}],"line":154},"14":{"loc":{"start":{"line":161,"column":6},"end":{"line":162,"column":83}},"type":"binary-expr","locations":[{"start":{"line":161,"column":6},"end":{"line":161,"column":24}},{"start":{"line":162,"column":6},"end":{"line":162,"column":83}}],"line":161},"15":{"loc":{"start":{"line":166,"column":2},"end":{"line":166,"column":27}},"type":"if","locations":[{"start":{"line":166,"column":2},"end":{"line":166,"column":27}},{"start":{},"end":{}}],"line":166},"16":{"loc":{"start":{"line":174,"column":15},"end":{"line":174,"column":76}},"type":"cond-expr","locations":[{"start":{"line":174,"column":32},"end":{"line":174,"column":51}},{"start":{"line":174,"column":54},"end":{"line":174,"column":76}}],"line":174},"17":{"loc":{"start":{"line":198,"column":18},"end":{"line":200,"column":84}},"type":"cond-expr","locations":[{"start":{"line":199,"column":22},"end":{"line":199,"column":57}},{"start":{"line":200,"column":22},"end":{"line":200,"column":84}}],"line":198},"18":{"loc":{"start":{"line":204,"column":15},"end":{"line":208,"column":15}},"type":"binary-expr","locations":[{"start":{"line":204,"column":15},"end":{"line":204,"column":37}},{"start":{"line":205,"column":16},"end":{"line":207,"column":20}}],"line":204},"19":{"loc":{"start":{"line":221,"column":18},"end":{"line":223,"column":84}},"type":"cond-expr","locations":[{"start":{"line":222,"column":22},"end":{"line":222,"column":57}},{"start":{"line":223,"column":22},"end":{"line":223,"column":84}}],"line":221},"20":{"loc":{"start":{"line":227,"column":15},"end":{"line":231,"column":15}},"type":"binary-expr","locations":[{"start":{"line":227,"column":15},"end":{"line":227,"column":38}},{"start":{"line":228,"column":16},"end":{"line":230,"column":20}}],"line":227},"21":{"loc":{"start":{"line":261,"column":18},"end":{"line":263,"column":84}},"type":"cond-expr","locations":[{"start":{"line":262,"column":22},"end":{"line":262,"column":57}},{"start":{"line":263,"column":22},"end":{"line":263,"column":84}}],"line":261},"22":{"loc":{"start":{"line":267,"column":15},"end":{"line":271,"column":15}},"type":"binary-expr","locations":[{"start":{"line":267,"column":15},"end":{"line":267,"column":50}},{"start":{"line":268,"column":16},"end":{"line":270,"column":20}}],"line":267},"23":{"loc":{"start":{"line":296,"column":13},"end":{"line":300,"column":13}},"type":"binary-expr","locations":[{"start":{"line":296,"column":13},"end":{"line":296,"column":35}},{"start":{"line":297,"column":14},"end":{"line":299,"column":18}}],"line":296},"24":{"loc":{"start":{"line":322,"column":13},"end":{"line":326,"column":13}},"type":"binary-expr","locations":[{"start":{"line":322,"column":13},"end":{"line":322,"column":36}},{"start":{"line":323,"column":14},"end":{"line":325,"column":18}}],"line":322},"25":{"loc":{"start":{"line":329,"column":11},"end":{"line":353,"column":11}},"type":"binary-expr","locations":[{"start":{"line":329,"column":11},"end":{"line":329,"column":25}},{"start":{"line":330,"column":12},"end":{"line":352,"column":18}}],"line":329},"26":{"loc":{"start":{"line":347,"column":15},"end":{"line":351,"column":15}},"type":"binary-expr","locations":[{"start":{"line":347,"column":15},"end":{"line":347,"column":41}},{"start":{"line":348,"column":16},"end":{"line":350,"column":20}}],"line":347},"27":{"loc":{"start":{"line":355,"column":11},"end":{"line":374,"column":11}},"type":"binary-expr","locations":[{"start":{"line":355,"column":11},"end":{"line":355,"column":31}},{"start":{"line":356,"column":12},"end":{"line":373,"column":18}}],"line":355},"28":{"loc":{"start":{"line":388,"column":15},"end":{"line":388,"column":76}},"type":"cond-expr","locations":[{"start":{"line":388,"column":32},"end":{"line":388,"column":51}},{"start":{"line":388,"column":54},"end":{"line":388,"column":76}}],"line":388}},"s":{"0":0,"1":0,"2":0,"3":0,"4":0,"5":0,"6":0,"7":0,"8":0,"9":0,"10":0,"11":0,"12":0,"13":0,"14":0,"15":0,"16":0,"17":0,"18":0,"19":0,"20":0,"21":0,"22":0,"23":0,"24":0,"25":0,"26":0,"27":0,"28":0,"29":0,"30":0,"31":0,"32":0,"33":0,"34":0,"35":0,"36":0,"37":0,"38":0,"39":0,"40":0,"41":0,"42":0,"43":0,"44":0,"45":0,"46":0,"47":0,"48":0,"49":0,"50":0,"51":0,"52":0,"53":0,"54":0,"55":0,"56":0,"57":0,"58":0,"59":0,"60":0,"61":0,"62":0,"63":0,"64":0,"65":0,"66":0,"67":0,"68":0,"69":0,"70":0,"71":0},"f":{"0":0,"1":0,"2":0,"3":0,"4":0,"5":0,"6":0,"7":0,"8":0,"9":0,"10":0,"11":0,"12":0,"13":0,"14":0,"15":0,"16":0,"17":0,"18":0,"19":0,"20":0,"21":0,"22":0,"23":0,"24":0,"25":0,"26":0,"27":0,"28":0,"29":0},"b":{"0":[0,0],"1":[0,0],"2":[0,0],"3":[0,0],"4":[0,0],"5":[0,0],"6":[0,0],"7":[0,0],"8":[0,0],"9":[0,0],"10":[0,0],"11":[0,0],"12":[0,0],"13":[0,0],"14":[0,0],"15":[0,0],"16":[0,0],"17":[0,0],"18":[0,0],"19":[0,0],"20":[0,0],"21":[0,0],"22":[0,0],"23":[0,0],"24":[0,0],"25":[0,0],"26":[0,0],"27":[0,0],"28":[0,0]}}
,"/home/jonh_vito/Área de trabalho/horario/src/components/SubjectList.tsx": {"path":"/home/jonh_vito/Área de trabalho/horario/src/components/SubjectList.tsx","statementMap":{"0":{"start":{"line":15,"column":38},"end":{"line":15,"column":50}},"1":{"start":{"line":16,"column":46},"end":{"line":16,"column":62}},"2":{"start":{"line":18,"column":27},"end":{"line":30,"column":44}},"3":{"start":{"line":19,"column":4},"end":{"line":29,"column":8}},"4":{"start":{"line":20,"column":27},"end":{"line":20,"column":65}},"5":{"start":{"line":23,"column":10},"end":{"line":28,"column":82}},"6":{"start":{"line":32,"column":21},"end":{"line":34,"column":3}},"7":{"start":{"line":33,"column":4},"end":{"line":33,"column":55}},"8":{"start":{"line":33,"column":29},"end":{"line":33,"column":42}},"9":{"start":{"line":36,"column":26},"end":{"line":43,"column":3}},"10":{"start":{"line":37,"column":4},"end":{"line":42,"column":18}},"11":{"start":{"line":39,"column":25},"end":{"line":39,"column":71}},"12":{"start":{"line":39,"column":56},"end":{"line":39,"column":70}},"13":{"start":{"line":40,"column":8},"end":{"line":40,"column":66}},"14":{"start":{"line":45,"column":2},"end":{"line":57,"column":3}},"15":{"start":{"line":46,"column":4},"end":{"line":56,"column":6}},"16":{"start":{"line":59,"column":2},"end":{"line":135,"column":4}},"17":{"start":{"line":76,"column":35},"end":{"line":76,"column":64}},"18":{"start":{"line":86,"column":12},"end":{"line":130,"column":18}},"19":{"start":{"line":115,"column":35},"end":{"line":115,"column":57}},"20":{"start":{"line":122,"column":35},"end":{"line":122,"column":62}}},"fnMap":{"0":{"name":"SubjectList","decl":{"start":{"line":14,"column":16},"end":{"line":14,"column":27}},"loc":{"start":{"line":14,"column":92},"end":{"line":136,"column":1}},"line":14},"1":{"name":"(anonymous_1)","decl":{"start":{"line":18,"column":35},"end":{"line":18,"column":36}},"loc":{"start":{"line":18,"column":41},"end":{"line":30,"column":3}},"line":18},"2":{"name":"(anonymous_2)","decl":{"start":{"line":20,"column":14},"end":{"line":20,"column":15}},"loc":{"start":{"line":20,"column":27},"end":{"line":20,"column":65}},"line":20},"3":{"name":"(anonymous_3)","decl":{"start":{"line":22,"column":8},"end":{"line":22,"column":9}},"loc":{"start":{"line":23,"column":10},"end":{"line":28,"column":82}},"line":23},"4":{"name":"(anonymous_4)","decl":{"start":{"line":32,"column":21},"end":{"line":32,"column":22}},"loc":{"start":{"line":32,"column":41},"end":{"line":34,"column":3}},"line":32},"5":{"name":"(anonymous_5)","decl":{"start":{"line":33,"column":20},"end":{"line":33,"column":21}},"loc":{"start":{"line":33,"column":29},"end":{"line":33,"column":42}},"line":33},"6":{"name":"(anonymous_6)","decl":{"start":{"line":36,"column":26},"end":{"line":36,"column":27}},"loc":{"start":{"line":36,"column":71},"end":{"line":43,"column":3}},"line":36},"7":{"name":"(anonymous_7)","decl":{"start":{"line":38,"column":11},"end":{"line":38,"column":12}},"loc":{"start":{"line":38,"column":21},"end":{"line":41,"column":7}},"line":38},"8":{"name":"(anonymous_8)","decl":{"start":{"line":39,"column":48},"end":{"line":39,"column":49}},"loc":{"start":{"line":39,"column":56},"end":{"line":39,"column":70}},"line":39},"9":{"name":"(anonymous_9)","decl":{"start":{"line":76,"column":28},"end":{"line":76,"column":29}},"loc":{"start":{"line":76,"column":35},"end":{"line":76,"column":64}},"line":76},"10":{"name":"(anonymous_10)","decl":{"start":{"line":85,"column":32},"end":{"line":85,"column":33}},"loc":{"start":{"line":86,"column":12},"end":{"line":130,"column":18}},"line":86},"11":{"name":"(anonymous_11)","decl":{"start":{"line":115,"column":29},"end":{"line":115,"column":30}},"loc":{"start":{"line":115,"column":35},"end":{"line":115,"column":57}},"line":115},"12":{"name":"(anonymous_12)","decl":{"start":{"line":122,"column":29},"end":{"line":122,"column":30}},"loc":{"start":{"line":122,"column":35},"end":{"line":122,"column":62}},"line":122}},"branchMap":{"0":{"loc":{"start":{"line":23,"column":10},"end":{"line":28,"column":82}},"type":"binary-expr","locations":[{"start":{"line":23,"column":10},"end":{"line":23,"column":71}},{"start":{"line":24,"column":10},"end":{"line":24,"column":71}},{"start":{"line":25,"column":10},"end":{"line":25,"column":75}},{"start":{"line":26,"column":10},"end":{"line":26,"column":76}},{"start":{"line":27,"column":11},"end":{"line":27,"column":31}},{"start":{"line":28,"column":12},"end":{"line":28,"column":81}}],"line":23},"1":{"loc":{"start":{"line":45,"column":2},"end":{"line":57,"column":3}},"type":"if","locations":[{"start":{"line":45,"column":2},"end":{"line":57,"column":3}},{"start":{},"end":{}}],"line":45},"2":{"loc":{"start":{"line":98,"column":19},"end":{"line":102,"column":19}},"type":"binary-expr","locations":[{"start":{"line":98,"column":19},"end":{"line":98,"column":36}},{"start":{"line":99,"column":20},"end":{"line":101,"column":24}}],"line":98},"3":{"loc":{"start":{"line":103,"column":19},"end":{"line":107,"column":19}},"type":"binary-expr","locations":[{"start":{"line":103,"column":19},"end":{"line":103,"column":39}},{"start":{"line":104,"column":20},"end":{"line":106,"column":24}}],"line":103}},"s":{"0":0,"1":0,"2":0,"3":0,"4":0,"5":0,"6":0,"7":0,"8":0,"9":0,"10":0,"11":0,"12":0,"13":0,"14":0,"15":0,"16":0,"17":0,"18":0,"19":0,"20":0},"f":{"0":0,"1":0,"2":0,"3":0,"4":0,"5":0,"6":0,"7":0,"8":0,"9":0,"10":0,"11":0,"12":0},"b":{"0":[0,0,0,0,0,0],"1":[0,0],"2":[0,0],"3":[0,0]}}
,"/home/jonh_vito/Área de trabalho/horario/src/contexts/NotificationContext.tsx": {"path":"/home/jonh_vito/Área de trabalho/horario/src/contexts/NotificationContext.tsx","statementMap":{"0":{"start":{"line":18,"column":28},"end":{"line":18,"column":97}},"1":{"start":{"line":21,"column":44},"end":{"line":21,"column":72}},"2":{"start":{"line":23,"column":29},"end":{"line":25,"column":8}},"3":{"start":{"line":24,"column":4},"end":{"line":24,"column":86}},"4":{"start":{"line":24,"column":31},"end":{"line":24,"column":84}},"5":{"start":{"line":24,"column":61},"end":{"line":24,"column":83}},"6":{"start":{"line":27,"column":27},"end":{"line":39,"column":3}},"7":{"start":{"line":29,"column":17},"end":{"line":29,"column":27}},"8":{"start":{"line":30,"column":6},"end":{"line":30,"column":77}},"9":{"start":{"line":30,"column":33},"end":{"line":30,"column":75}},"10":{"start":{"line":32,"column":6},"end":{"line":36,"column":7}},"11":{"start":{"line":33,"column":8},"end":{"line":35,"column":21}},"12":{"start":{"line":34,"column":10},"end":{"line":34,"column":33}},"13":{"start":{"line":41,"column":2},"end":{"line":71,"column":4}},"14":{"start":{"line":46,"column":10},"end":{"line":67,"column":16}},"15":{"start":{"line":61,"column":31},"end":{"line":61,"column":66}},"16":{"start":{"line":75,"column":18},"end":{"line":75,"column":49}},"17":{"start":{"line":76,"column":2},"end":{"line":78,"column":3}},"18":{"start":{"line":77,"column":4},"end":{"line":77,"column":82}},"19":{"start":{"line":79,"column":2},"end":{"line":79,"column":17}}},"fnMap":{"0":{"name":"NotificationProvider","decl":{"start":{"line":20,"column":16},"end":{"line":20,"column":36}},"loc":{"start":{"line":20,"column":82},"end":{"line":72,"column":1}},"line":20},"1":{"name":"(anonymous_1)","decl":{"start":{"line":23,"column":41},"end":{"line":23,"column":42}},"loc":{"start":{"line":23,"column":57},"end":{"line":25,"column":3}},"line":23},"2":{"name":"(anonymous_2)","decl":{"start":{"line":24,"column":21},"end":{"line":24,"column":22}},"loc":{"start":{"line":24,"column":31},"end":{"line":24,"column":84}},"line":24},"3":{"name":"(anonymous_3)","decl":{"start":{"line":24,"column":43},"end":{"line":24,"column":44}},"loc":{"start":{"line":24,"column":61},"end":{"line":24,"column":83}},"line":24},"4":{"name":"(anonymous_4)","decl":{"start":{"line":28,"column":4},"end":{"line":28,"column":5}},"loc":{"start":{"line":28,"column":66},"end":{"line":37,"column":5}},"line":28},"5":{"name":"(anonymous_5)","decl":{"start":{"line":30,"column":23},"end":{"line":30,"column":24}},"loc":{"start":{"line":30,"column":33},"end":{"line":30,"column":75}},"line":30},"6":{"name":"(anonymous_6)","decl":{"start":{"line":33,"column":19},"end":{"line":33,"column":20}},"loc":{"start":{"line":33,"column":25},"end":{"line":35,"column":9}},"line":33},"7":{"name":"(anonymous_7)","decl":{"start":{"line":45,"column":27},"end":{"line":45,"column":28}},"loc":{"start":{"line":46,"column":10},"end":{"line":67,"column":16}},"line":46},"8":{"name":"(anonymous_8)","decl":{"start":{"line":61,"column":25},"end":{"line":61,"column":26}},"loc":{"start":{"line":61,"column":31},"end":{"line":61,"column":66}},"line":61},"9":{"name":"useNotification","decl":{"start":{"line":74,"column":16},"end":{"line":74,"column":31}},"loc":{"start":{"line":74,"column":34},"end":{"line":80,"column":1}},"line":74}},"branchMap":{"0":{"loc":{"start":{"line":28,"column":46},"end":{"line":28,"column":61}},"type":"default-arg","locations":[{"start":{"line":28,"column":57},"end":{"line":28,"column":61}}],"line":28},"1":{"loc":{"start":{"line":32,"column":6},"end":{"line":36,"column":7}},"type":"if","locations":[{"start":{"line":32,"column":6},"end":{"line":36,"column":7}},{"start":{},"end":{}}],"line":32},"2":{"loc":{"start":{"line":49,"column":14},"end":{"line":55,"column":35}},"type":"cond-expr","locations":[{"start":{"line":50,"column":18},"end":{"line":50,"column":32}},{"start":{"line":51,"column":18},"end":{"line":55,"column":35}}],"line":49},"3":{"loc":{"start":{"line":51,"column":18},"end":{"line":55,"column":35}},"type":"cond-expr","locations":[{"start":{"line":52,"column":20},"end":{"line":52,"column":32}},{"start":{"line":53,"column":20},"end":{"line":55,"column":35}}],"line":51},"4":{"loc":{"start":{"line":53,"column":20},"end":{"line":55,"column":35}},"type":"cond-expr","locations":[{"start":{"line":54,"column":22},"end":{"line":54,"column":37}},{"start":{"line":55,"column":22},"end":{"line":55,"column":35}}],"line":53},"5":{"loc":{"start":{"line":76,"column":2},"end":{"line":78,"column":3}},"type":"if","locations":[{"start":{"line":76,"column":2},"end":{"line":78,"column":3}},{"start":{},"end":{}}],"line":76}},"s":{"0":0,"1":0,"2":0,"3":0,"4":0,"5":0,"6":0,"7":0,"8":0,"9":0,"10":0,"11":0,"12":0,"13":0,"14":0,"15":0,"16":0,"17":0,"18":0,"19":0},"f":{"0":0,"1":0,"2":0,"3":0,"4":0,"5":0,"6":0,"7":0,"8":0,"9":0},"b":{"0":[0],"1":[0,0],"2":[0,0],"3":[0,0],"4":[0,0],"5":[0,0]}}
,"/home/jonh_vito/Área de trabalho/horario/src/contexts/ThemeContext.tsx": {"path":"/home/jonh_vito/Área de trabalho/horario/src/contexts/ThemeContext.tsx","statementMap":{"0":{"start":{"line":9,"column":21},"end":{"line":9,"column":75}},"1":{"start":{"line":11,"column":70},"end":{"line":37,"column":1}},"2":{"start":{"line":12,"column":36},"end":{"line":12,"column":51}},"3":{"start":{"line":14,"column":2},"end":{"line":26,"column":17}},"4":{"start":{"line":15,"column":4},"end":{"line":25,"column":5}},"5":{"start":{"line":16,"column":6},"end":{"line":22,"column":7}},"6":{"start":{"line":17,"column":8},"end":{"line":21,"column":9}},"7":{"start":{"line":18,"column":10},"end":{"line":18,"column":57}},"8":{"start":{"line":20,"column":10},"end":{"line":20,"column":60}},"9":{"start":{"line":24,"column":6},"end":{"line":24,"column":52}},"10":{"start":{"line":28,"column":16},"end":{"line":34,"column":3}},"11":{"start":{"line":29,"column":11},"end":{"line":32,"column":5}},"12":{"start":{"line":36,"column":2},"end":{"line":36,"column":81}},"13":{"start":{"line":39,"column":24},"end":{"line":45,"column":1}},"14":{"start":{"line":40,"column":18},"end":{"line":40,"column":42}},"15":{"start":{"line":41,"column":2},"end":{"line":43,"column":3}},"16":{"start":{"line":42,"column":4},"end":{"line":42,"column":74}},"17":{"start":{"line":44,"column":2},"end":{"line":44,"column":17}}},"fnMap":{"0":{"name":"(anonymous_0)","decl":{"start":{"line":11,"column":70},"end":{"line":11,"column":71}},"loc":{"start":{"line":11,"column":88},"end":{"line":37,"column":1}},"line":11},"1":{"name":"(anonymous_1)","decl":{"start":{"line":14,"column":12},"end":{"line":14,"column":13}},"loc":{"start":{"line":14,"column":18},"end":{"line":26,"column":3}},"line":14},"2":{"name":"(anonymous_2)","decl":{"start":{"line":29,"column":4},"end":{"line":29,"column":5}},"loc":{"start":{"line":29,"column":11},"end":{"line":32,"column":5}},"line":29},"3":{"name":"(anonymous_3)","decl":{"start":{"line":39,"column":24},"end":{"line":39,"column":25}},"loc":{"start":{"line":39,"column":30},"end":{"line":45,"column":1}},"line":39}},"branchMap":{"0":{"loc":{"start":{"line":16,"column":6},"end":{"line":22,"column":7}},"type":"if","locations":[{"start":{"line":16,"column":6},"end":{"line":22,"column":7}},{"start":{},"end":{}}],"line":16},"1":{"loc":{"start":{"line":17,"column":8},"end":{"line":21,"column":9}},"type":"if","locations":[{"start":{"line":17,"column":8},"end":{"line":21,"column":9}},{"start":{"line":19,"column":15},"end":{"line":21,"column":9}}],"line":17},"2":{"loc":{"start":{"line":41,"column":2},"end":{"line":43,"column":3}},"type":"if","locations":[{"start":{"line":41,"column":2},"end":{"line":43,"column":3}},{"start":{},"end":{}}],"line":41}},"s":{"0":0,"1":0,"2":0,"3":0,"4":0,"5":0,"6":0,"7":0,"8":0,"9":0,"10":0,"11":0,"12":0,"13":0,"14":0,"15":0,"16":0,"17":0},"f":{"0":0,"1":0,"2":0,"3":0},"b":{"0":[0,0],"1":[0,0],"2":[0,0]}}
,"/home/jonh_vito/Área de trabalho/horario/src/hooks/useLocalStorage.ts": {"path":"/home/jonh_vito/Área de trabalho/horario/src/hooks/useLocalStorage.ts","statementMap":{"0":{"start":{"line":6,"column":31},"end":{"line":59,"column":1}},"1":{"start":{"line":7,"column":36},"end":{"line":7,"column":54}},"2":{"start":{"line":8,"column":36},"end":{"line":8,"column":51}},"3":{"start":{"line":11,"column":2},"end":{"line":32,"column":33}},"4":{"start":{"line":12,"column":4},"end":{"line":12,"column":70}},"5":{"start":{"line":12,"column":63},"end":{"line":12,"column":70}},"6":{"start":{"line":13,"column":4},"end":{"line":23,"column":5}},"7":{"start":{"line":14,"column":29},"end":{"line":14,"column":58}},"8":{"start":{"line":15,"column":6},"end":{"line":15,"column":34}},"9":{"start":{"line":18,"column":6},"end":{"line":18,"column":47}},"10":{"start":{"line":19,"column":6},"end":{"line":19,"column":49}},"11":{"start":{"line":20,"column":6},"end":{"line":20,"column":22}},"12":{"start":{"line":25,"column":18},"end":{"line":25,"column":47}},"13":{"start":{"line":26,"column":4},"end":{"line":31,"column":5}},"14":{"start":{"line":27,"column":6},"end":{"line":27,"column":24}},"15":{"start":{"line":28,"column":6},"end":{"line":30,"column":7}},"16":{"start":{"line":29,"column":8},"end":{"line":29,"column":55}},"17":{"start":{"line":35,"column":2},"end":{"line":42,"column":17}},"18":{"start":{"line":36,"column":4},"end":{"line":36,"column":70}},"19":{"start":{"line":36,"column":63},"end":{"line":36,"column":70}},"20":{"start":{"line":37,"column":4},"end":{"line":41,"column":5}},"21":{"start":{"line":38,"column":6},"end":{"line":38,"column":44}},"22":{"start":{"line":45,"column":2},"end":{"line":58,"column":17}},"23":{"start":{"line":46,"column":4},"end":{"line":46,"column":70}},"24":{"start":{"line":46,"column":63},"end":{"line":46,"column":70}},"25":{"start":{"line":47,"column":4},"end":{"line":57,"column":5}},"26":{"start":{"line":48,"column":6},"end":{"line":50,"column":7}},"27":{"start":{"line":49,"column":8},"end":{"line":49,"column":55}},"28":{"start":{"line":51,"column":6},"end":{"line":51,"column":44}},"29":{"start":{"line":53,"column":6},"end":{"line":55,"column":7}},"30":{"start":{"line":54,"column":8},"end":{"line":54,"column":58}},"31":{"start":{"line":56,"column":6},"end":{"line":56,"column":45}}},"fnMap":{"0":{"name":"(anonymous_0)","decl":{"start":{"line":6,"column":31},"end":{"line":6,"column":32}},"loc":{"start":{"line":6,"column":37},"end":{"line":59,"column":1}},"line":6},"1":{"name":"(anonymous_1)","decl":{"start":{"line":11,"column":12},"end":{"line":11,"column":13}},"loc":{"start":{"line":11,"column":18},"end":{"line":32,"column":3}},"line":11},"2":{"name":"(anonymous_2)","decl":{"start":{"line":35,"column":12},"end":{"line":35,"column":13}},"loc":{"start":{"line":35,"column":18},"end":{"line":42,"column":3}},"line":35},"3":{"name":"(anonymous_3)","decl":{"start":{"line":45,"column":12},"end":{"line":45,"column":13}},"loc":{"start":{"line":45,"column":18},"end":{"line":58,"column":3}},"line":45}},"branchMap":{"0":{"loc":{"start":{"line":12,"column":4},"end":{"line":12,"column":70}},"type":"if","locations":[{"start":{"line":12,"column":4},"end":{"line":12,"column":70}},{"start":{},"end":{}}],"line":12},"1":{"loc":{"start":{"line":12,"column":8},"end":{"line":12,"column":61}},"type":"binary-expr","locations":[{"start":{"line":12,"column":8},"end":{"line":12,"column":37}},{"start":{"line":12,"column":41},"end":{"line":12,"column":61}}],"line":12},"2":{"loc":{"start":{"line":26,"column":4},"end":{"line":31,"column":5}},"type":"if","locations":[{"start":{"line":26,"column":4},"end":{"line":31,"column":5}},{"start":{},"end":{}}],"line":26},"3":{"loc":{"start":{"line":28,"column":6},"end":{"line":30,"column":7}},"type":"if","locations":[{"start":{"line":28,"column":6},"end":{"line":30,"column":7}},{"start":{},"end":{}}],"line":28},"4":{"loc":{"start":{"line":36,"column":4},"end":{"line":36,"column":70}},"type":"if","locations":[{"start":{"line":36,"column":4},"end":{"line":36,"column":70}},{"start":{},"end":{}}],"line":36},"5":{"loc":{"start":{"line":36,"column":8},"end":{"line":36,"column":61}},"type":"binary-expr","locations":[{"start":{"line":36,"column":8},"end":{"line":36,"column":37}},{"start":{"line":36,"column":41},"end":{"line":36,"column":61}}],"line":36},"6":{"loc":{"start":{"line":46,"column":4},"end":{"line":46,"column":70}},"type":"if","locations":[{"start":{"line":46,"column":4},"end":{"line":46,"column":70}},{"start":{},"end":{}}],"line":46},"7":{"loc":{"start":{"line":46,"column":8},"end":{"line":46,"column":61}},"type":"binary-expr","locations":[{"start":{"line":46,"column":8},"end":{"line":46,"column":37}},{"start":{"line":46,"column":41},"end":{"line":46,"column":61}}],"line":46},"8":{"loc":{"start":{"line":47,"column":4},"end":{"line":57,"column":5}},"type":"if","locations":[{"start":{"line":47,"column":4},"end":{"line":57,"column":5}},{"start":{"line":52,"column":11},"end":{"line":57,"column":5}}],"line":47},"9":{"loc":{"start":{"line":48,"column":6},"end":{"line":50,"column":7}},"type":"if","locations":[{"start":{"line":48,"column":6},"end":{"line":50,"column":7}},{"start":{},"end":{}}],"line":48},"10":{"loc":{"start":{"line":53,"column":6},"end":{"line":55,"column":7}},"type":"if","locations":[{"start":{"line":53,"column":6},"end":{"line":55,"column":7}},{"start":{},"end":{}}],"line":53}},"s":{"0":0,"1":0,"2":0,"3":0,"4":0,"5":0,"6":0,"7":0,"8":0,"9":0,"10":0,"11":0,"12":0,"13":0,"14":0,"15":0,"16":0,"17":0,"18":0,"19":0,"20":0,"21":0,"22":0,"23":0,"24":0,"25":0,"26":0,"27":0,"28":0,"29":0,"30":0,"31":0},"f":{"0":0,"1":0,"2":0,"3":0},"b":{"0":[0,0],"1":[0,0],"2":[0,0],"3":[0,0],"4":[0,0],"5":[0,0],"6":[0,0],"7":[0,0],"8":[0,0],"9":[0,0],"10":[0,0]}}
,"/home/jonh_vito/Área de trabalho/horario/src/hooks/useShiftFilter.ts": {"path":"/home/jonh_vito/Área de trabalho/horario/src/hooks/useShiftFilter.ts","statementMap":{"0":{"start":{"line":3,"column":20},"end":{"line":3,"column":37}},"1":{"start":{"line":6,"column":46},"end":{"line":12,"column":4}},"2":{"start":{"line":7,"column":4},"end":{"line":10,"column":5}},"3":{"start":{"line":8,"column":26},"end":{"line":8,"column":59}},"4":{"start":{"line":9,"column":6},"end":{"line":9,"column":69}},"5":{"start":{"line":11,"column":4},"end":{"line":11,"column":27}},"6":{"start":{"line":14,"column":2},"end":{"line":18,"column":23}},"7":{"start":{"line":15,"column":4},"end":{"line":17,"column":5}},"8":{"start":{"line":16,"column":6},"end":{"line":16,"column":72}},"9":{"start":{"line":20,"column":2},"end":{"line":20,"column":54}}},"fnMap":{"0":{"name":"useShiftFilter","decl":{"start":{"line":5,"column":16},"end":{"line":5,"column":30}},"loc":{"start":{"line":5,"column":33},"end":{"line":21,"column":1}},"line":5},"1":{"name":"(anonymous_1)","decl":{"start":{"line":6,"column":65},"end":{"line":6,"column":66}},"loc":{"start":{"line":6,"column":71},"end":{"line":12,"column":3}},"line":6},"2":{"name":"(anonymous_2)","decl":{"start":{"line":14,"column":12},"end":{"line":14,"column":13}},"loc":{"start":{"line":14,"column":18},"end":{"line":18,"column":3}},"line":14}},"branchMap":{"0":{"loc":{"start":{"line":7,"column":4},"end":{"line":10,"column":5}},"type":"if","locations":[{"start":{"line":7,"column":4},"end":{"line":10,"column":5}},{"start":{},"end":{}}],"line":7},"1":{"loc":{"start":{"line":7,"column":8},"end":{"line":7,"column":60}},"type":"binary-expr","locations":[{"start":{"line":7,"column":8},"end":{"line":7,"column":37}},{"start":{"line":7,"column":41},"end":{"line":7,"column":60}}],"line":7},"2":{"loc":{"start":{"line":9,"column":13},"end":{"line":9,"column":68}},"type":"cond-expr","locations":[{"start":{"line":9,"column":27},"end":{"line":9,"column":50}},{"start":{"line":9,"column":53},"end":{"line":9,"column":68}}],"line":9},"3":{"loc":{"start":{"line":15,"column":4},"end":{"line":17,"column":5}},"type":"if","locations":[{"start":{"line":15,"column":4},"end":{"line":17,"column":5}},{"start":{},"end":{}}],"line":15},"4":{"loc":{"start":{"line":15,"column":8},"end":{"line":15,"column":60}},"type":"binary-expr","locations":[{"start":{"line":15,"column":8},"end":{"line":15,"column":37}},{"start":{"line":15,"column":41},"end":{"line":15,"column":60}}],"line":15}},"s":{"0":0,"1":0,"2":0,"3":0,"4":0,"5":0,"6":0,"7":0,"8":0,"9":0},"f":{"0":0,"1":0,"2":0},"b":{"0":[0,0],"1":[0,0],"2":[0,0],"3":[0,0],"4":[0,0]}}
,"/home/jonh_vito/Área de trabalho/horario/src/layouts/MainLayout.tsx": {"path":"/home/jonh_vito/Área de trabalho/horario/src/layouts/MainLayout.tsx","statementMap":{"0":{"start":{"line":12,"column":53},"end":{"line":138,"column":1}},"1":{"start":{"line":18,"column":36},"end":{"line":18,"column":46}},"2":{"start":{"line":19,"column":20},"end":{"line":19,"column":52}},"3":{"start":{"line":20,"column":32},"end":{"line":20,"column":47}},"4":{"start":{"line":22,"column":2},"end":{"line":35,"column":9}},"5":{"start":{"line":23,"column":19},"end":{"line":23,"column":36}},"6":{"start":{"line":24,"column":4},"end":{"line":24,"column":24}},"7":{"start":{"line":24,"column":17},"end":{"line":24,"column":24}},"8":{"start":{"line":25,"column":4},"end":{"line":34,"column":5}},"9":{"start":{"line":26,"column":23},"end":{"line":31,"column":7}},"10":{"start":{"line":28,"column":10},"end":{"line":28,"column":44}},"11":{"start":{"line":32,"column":6},"end":{"line":32,"column":31}},"12":{"start":{"line":33,"column":6},"end":{"line":33,"column":41}},"13":{"start":{"line":33,"column":19},"end":{"line":33,"column":40}},"14":{"start":{"line":37,"column":2},"end":{"line":137,"column":4}},"15":{"start":{"line":101,"column":33},"end":{"line":101,"column":52}},"16":{"start":{"line":112,"column":33},"end":{"line":112,"column":52}}},"fnMap":{"0":{"name":"(anonymous_0)","decl":{"start":{"line":12,"column":53},"end":{"line":12,"column":54}},"loc":{"start":{"line":17,"column":6},"end":{"line":138,"column":1}},"line":17},"1":{"name":"(anonymous_1)","decl":{"start":{"line":22,"column":12},"end":{"line":22,"column":13}},"loc":{"start":{"line":22,"column":18},"end":{"line":35,"column":3}},"line":22},"2":{"name":"(anonymous_2)","decl":{"start":{"line":27,"column":8},"end":{"line":27,"column":9}},"loc":{"start":{"line":27,"column":21},"end":{"line":29,"column":9}},"line":27},"3":{"name":"(anonymous_3)","decl":{"start":{"line":33,"column":13},"end":{"line":33,"column":14}},"loc":{"start":{"line":33,"column":19},"end":{"line":33,"column":40}},"line":33},"4":{"name":"(anonymous_4)","decl":{"start":{"line":101,"column":27},"end":{"line":101,"column":28}},"loc":{"start":{"line":101,"column":33},"end":{"line":101,"column":52}},"line":101},"5":{"name":"(anonymous_5)","decl":{"start":{"line":112,"column":27},"end":{"line":112,"column":28}},"loc":{"start":{"line":112,"column":33},"end":{"line":112,"column":52}},"line":112}},"branchMap":{"0":{"loc":{"start":{"line":24,"column":4},"end":{"line":24,"column":24}},"type":"if","locations":[{"start":{"line":24,"column":4},"end":{"line":24,"column":24}},{"start":{},"end":{}}],"line":24},"1":{"loc":{"start":{"line":25,"column":4},"end":{"line":34,"column":5}},"type":"if","locations":[{"start":{"line":25,"column":4},"end":{"line":34,"column":5}},{"start":{},"end":{}}],"line":25},"2":{"loc":{"start":{"line":25,"column":8},"end":{"line":25,"column":73}},"type":"binary-expr","locations":[{"start":{"line":25,"column":8},"end":{"line":25,"column":37}},{"start":{"line":25,"column":41},"end":{"line":25,"column":73}}],"line":25},"3":{"loc":{"start":{"line":65,"column":28},"end":{"line":65,"column":81}},"type":"cond-expr","locations":[{"start":{"line":65,"column":39},"end":{"line":65,"column":58}},{"start":{"line":65,"column":61},"end":{"line":65,"column":81}}],"line":65},"4":{"loc":{"start":{"line":69,"column":17},"end":{"line":69,"column":66}},"type":"cond-expr","locations":[{"start":{"line":69,"column":28},"end":{"line":69,"column":45}},{"start":{"line":69,"column":48},"end":{"line":69,"column":66}}],"line":69},"5":{"loc":{"start":{"line":76,"column":28},"end":{"line":76,"column":81}},"type":"cond-expr","locations":[{"start":{"line":76,"column":39},"end":{"line":76,"column":58}},{"start":{"line":76,"column":61},"end":{"line":76,"column":81}}],"line":76},"6":{"loc":{"start":{"line":80,"column":17},"end":{"line":80,"column":66}},"type":"cond-expr","locations":[{"start":{"line":80,"column":28},"end":{"line":80,"column":45}},{"start":{"line":80,"column":48},"end":{"line":80,"column":66}}],"line":80},"7":{"loc":{"start":{"line":103,"column":20},"end":{"line":105,"column":103}},"type":"cond-expr","locations":[{"start":{"line":104,"column":24},"end":{"line":104,"column":79}},{"start":{"line":105,"column":24},"end":{"line":105,"column":103}}],"line":103},"8":{"loc":{"start":{"line":114,"column":20},"end":{"line":116,"column":103}},"type":"cond-expr","locations":[{"start":{"line":115,"column":24},"end":{"line":115,"column":79}},{"start":{"line":116,"column":24},"end":{"line":116,"column":103}}],"line":114},"9":{"loc":{"start":{"line":130,"column":277},"end":{"line":130,"column":354}},"type":"cond-expr","locations":[{"start":{"line":130,"column":287},"end":{"line":130,"column":320}},{"start":{"line":130,"column":323},"end":{"line":130,"column":354}}],"line":130}},"s":{"0":0,"1":0,"2":0,"3":0,"4":0,"5":0,"6":0,"7":0,"8":0,"9":0,"10":0,"11":0,"12":0,"13":0,"14":0,"15":0,"16":0},"f":{"0":0,"1":0,"2":0,"3":0,"4":0,"5":0},"b":{"0":[0,0],"1":[0,0],"2":[0,0],"3":[0,0],"4":[0,0],"5":[0,0],"6":[0,0],"7":[0,0],"8":[0,0],"9":[0,0]}}
,"/home/jonh_vito/Área de trabalho/horario/src/services/storageService.ts": {"path":"/home/jonh_vito/Área de trabalho/horario/src/services/storageService.ts","statementMap":{"0":{"start":{"line":6,"column":27},"end":{"line":6,"column":42}},"1":{"start":{"line":7,"column":26},"end":{"line":7,"column":43}},"2":{"start":{"line":8,"column":27},"end":{"line":8,"column":28}},"3":{"start":{"line":18,"column":4},"end":{"line":25,"column":5}},"4":{"start":{"line":19,"column":19},"end":{"line":19,"column":37}},"5":{"start":{"line":20,"column":6},"end":{"line":20,"column":39}},"6":{"start":{"line":21,"column":6},"end":{"line":21,"column":36}},"7":{"start":{"line":22,"column":6},"end":{"line":22,"column":18}},"8":{"start":{"line":24,"column":6},"end":{"line":24,"column":19}},"9":{"start":{"line":32,"column":4},"end":{"line":34,"column":5}},"10":{"start":{"line":33,"column":6},"end":{"line":33,"column":70}},"11":{"start":{"line":36,"column":4},"end":{"line":66,"column":5}},"12":{"start":{"line":37,"column":6},"end":{"line":41,"column":7}},"13":{"start":{"line":38,"column":8},"end":{"line":38,"column":34}},"14":{"start":{"line":39,"column":13},"end":{"line":41,"column":7}},"15":{"start":{"line":40,"column":8},"end":{"line":40,"column":66}},"16":{"start":{"line":42,"column":6},"end":{"line":44,"column":7}},"17":{"start":{"line":43,"column":8},"end":{"line":43,"column":68}},"18":{"start":{"line":45,"column":6},"end":{"line":47,"column":7}},"19":{"start":{"line":46,"column":8},"end":{"line":46,"column":70}},"20":{"start":{"line":48,"column":6},"end":{"line":50,"column":7}},"21":{"start":{"line":49,"column":8},"end":{"line":49,"column":69}},"22":{"start":{"line":51,"column":6},"end":{"line":53,"column":7}},"23":{"start":{"line":52,"column":8},"end":{"line":52,"column":69}},"24":{"start":{"line":54,"column":6},"end":{"line":56,"column":7}},"25":{"start":{"line":55,"column":8},"end":{"line":55,"column":69}},"26":{"start":{"line":57,"column":6},"end":{"line":59,"column":7}},"27":{"start":{"line":58,"column":8},"end":{"line":58,"column":73}},"28":{"start":{"line":60,"column":6},"end":{"line":62,"column":7}},"29":{"start":{"line":61,"column":8},"end":{"line":61,"column":73}},"30":{"start":{"line":63,"column":6},"end":{"line":65,"column":7}},"31":{"start":{"line":64,"column":8},"end":{"line":64,"column":67}},"32":{"start":{"line":68,"column":4},"end":{"line":68,"column":16}},"33":{"start":{"line":75,"column":4},"end":{"line":75,"column":22}},"34":{"start":{"line":82,"column":4},"end":{"line":86,"column":5}},"35":{"start":{"line":83,"column":6},"end":{"line":83,"column":24}},"36":{"start":{"line":85,"column":6},"end":{"line":85,"column":53}},"37":{"start":{"line":93,"column":4},"end":{"line":95,"column":5}},"38":{"start":{"line":94,"column":6},"end":{"line":94,"column":65}},"39":{"start":{"line":97,"column":4},"end":{"line":113,"column":5}},"40":{"start":{"line":98,"column":22},"end":{"line":98,"column":39}},"41":{"start":{"line":99,"column":24},"end":{"line":102,"column":7}},"42":{"start":{"line":104,"column":6},"end":{"line":104,"column":33}},"43":{"start":{"line":105,"column":6},"end":{"line":107,"column":7}},"44":{"start":{"line":106,"column":8},"end":{"line":106,"column":22}},"45":{"start":{"line":109,"column":6},"end":{"line":109,"column":64}},"46":{"start":{"line":111,"column":6},"end":{"line":111,"column":52}},"47":{"start":{"line":112,"column":6},"end":{"line":112,"column":53}},"48":{"start":{"line":120,"column":4},"end":{"line":122,"column":5}},"49":{"start":{"line":121,"column":6},"end":{"line":121,"column":16}},"50":{"start":{"line":124,"column":4},"end":{"line":129,"column":5}},"51":{"start":{"line":125,"column":22},"end":{"line":125,"column":54}},"52":{"start":{"line":126,"column":6},"end":{"line":126,"column":48}},"53":{"start":{"line":128,"column":6},"end":{"line":128,"column":85}},"54":{"start":{"line":136,"column":4},"end":{"line":138,"column":5}},"55":{"start":{"line":137,"column":6},"end":{"line":137,"column":65}},"56":{"start":{"line":140,"column":4},"end":{"line":149,"column":5}},"57":{"start":{"line":141,"column":6},"end":{"line":141,"column":30}},"58":{"start":{"line":142,"column":6},"end":{"line":142,"column":62}},"59":{"start":{"line":143,"column":6},"end":{"line":143,"column":30}},"60":{"start":{"line":145,"column":6},"end":{"line":147,"column":7}},"61":{"start":{"line":146,"column":8},"end":{"line":146,"column":20}},"62":{"start":{"line":148,"column":6},"end":{"line":148,"column":76}},"63":{"start":{"line":156,"column":4},"end":{"line":179,"column":5}},"64":{"start":{"line":157,"column":6},"end":{"line":159,"column":7}},"65":{"start":{"line":158,"column":8},"end":{"line":158,"column":69}},"66":{"start":{"line":161,"column":19},"end":{"line":161,"column":56}},"67":{"start":{"line":162,"column":6},"end":{"line":164,"column":7}},"68":{"start":{"line":163,"column":8},"end":{"line":163,"column":18}},"69":{"start":{"line":167,"column":6},"end":{"line":171,"column":7}},"70":{"start":{"line":168,"column":8},"end":{"line":168,"column":38}},"71":{"start":{"line":170,"column":8},"end":{"line":170,"column":55}},"72":{"start":{"line":172,"column":6},"end":{"line":172,"column":36}},"73":{"start":{"line":173,"column":6},"end":{"line":173,"column":24}},"74":{"start":{"line":175,"column":6},"end":{"line":177,"column":7}},"75":{"start":{"line":176,"column":8},"end":{"line":176,"column":20}},"76":{"start":{"line":178,"column":6},"end":{"line":178,"column":78}},"77":{"start":{"line":186,"column":4},"end":{"line":188,"column":5}},"78":{"start":{"line":187,"column":6},"end":{"line":187,"column":65}},"79":{"start":{"line":190,"column":4},"end":{"line":195,"column":5}},"80":{"start":{"line":191,"column":6},"end":{"line":191,"column":43}},"81":{"start":{"line":192,"column":6},"end":{"line":192,"column":42}},"82":{"start":{"line":194,"column":6},"end":{"line":194,"column":76}},"83":{"start":{"line":202,"column":4},"end":{"line":204,"column":5}},"84":{"start":{"line":
[...]
nh_vito/Área de trabalho/horario/src/utils/errors.ts": {"path":"/home/jonh_vito/Área de trabalho/horario/src/utils/errors.ts","statementMap":{"0":{"start":{"line":7,"column":4},"end":{"line":7,"column":19}},"1":{"start":{"line":8,"column":4},"end":{"line":8,"column":27}},"2":{"start":{"line":14,"column":4},"end":{"line":14,"column":48}},"3":{"start":{"line":15,"column":4},"end":{"line":15,"column":34}},"4":{"start":{"line":21,"column":4},"end":{"line":21,"column":46}},"5":{"start":{"line":22,"column":4},"end":{"line":22,"column":32}},"6":{"start":{"line":28,"column":4},"end":{"line":28,"column":45}},"7":{"start":{"line":29,"column":4},"end":{"line":29,"column":31}},"8":{"start":{"line":34,"column":2},"end":{"line":36,"column":3}},"9":{"start":{"line":35,"column":4},"end":{"line":35,"column":17}},"10":{"start":{"line":38,"column":2},"end":{"line":40,"column":3}},"11":{"start":{"line":39,"column":4},"end":{"line":39,"column":56}},"12":{"start":{"line":42,"column":2},"end":{"line":42,"column":69}}},"fnMap":{"0":{"name":"(anonymous_0)","decl":{"start":{"line":2,"column":2},"end":{"line":2,"column":3}},"loc":{"start":{"line":6,"column":4},"end":{"line":9,"column":3}},"line":6},"1":{"name":"(anonymous_1)","decl":{"start":{"line":13,"column":2},"end":{"line":13,"column":3}},"loc":{"start":{"line":13,"column":66},"end":{"line":16,"column":3}},"line":13},"2":{"name":"(anonymous_2)","decl":{"start":{"line":20,"column":2},"end":{"line":20,"column":3}},"loc":{"start":{"line":20,"column":66},"end":{"line":23,"column":3}},"line":20},"3":{"name":"(anonymous_3)","decl":{"start":{"line":27,"column":2},"end":{"line":27,"column":3}},"loc":{"start":{"line":27,"column":66},"end":{"line":30,"column":3}},"line":27},"4":{"name":"handleError","decl":{"start":{"line":33,"column":16},"end":{"line":33,"column":27}},"loc":{"start":{"line":33,"column":54},"end":{"line":43,"column":1}},"line":33}},"branchMap":{"0":{"loc":{"start":{"line":34,"column":2},"end":{"line":36,"column":3}},"type":"if","locations":[{"start":{"line":34,"column":2},"end":{"line":36,"column":3}},{"start":{},"end":{}}],"line":34},"1":{"loc":{"start":{"line":38,"column":2},"end":{"line":40,"column":3}},"type":"if","locations":[{"start":{"line":38,"column":2},"end":{"line":40,"column":3}},{"start":{},"end":{}}],"line":38}},"s":{"0":23,"1":23,"2":9,"3":9,"4":2,"5":2,"6":12,"7":12,"8":4,"9":4,"10":0,"11":0,"12":0},"f":{"0":23,"1":9,"2":2,"3":12,"4":4},"b":{"0":[4,0],"1":[0,0]},"_coverageSchema":"1a1c01bbd47fc00a2c39e90264f33305004495a9","hash":"0dd0cb9cd76812e5f63194ba844b97beedad41aa"}
,"/home/jonh_vito/Área de trabalho/horario/src/utils/scheduleUtils.ts": {"path":"/home/jonh_vito/Área de trabalho/horario/src/utils/scheduleUtils.ts","statementMap":{"0":{"start":{"line":7,"column":2},"end":{"line":7,"column":68}},"1":{"start":{"line":14,"column":2},"end":{"line":14,"column":66}},"2":{"start":{"line":17,"column":48},"end":{"line":24,"column":1}},"3":{"start":{"line":26,"column":50},"end":{"line":30,"column":1}},"4":{"start":{"line":32,"column":63},"end":{"line":55,"column":1}},"5":{"start":{"line":57,"column":30},"end":{"line":73,"column":1}},"6":{"start":{"line":80,"column":21},"end":{"line":80,"column":52}},"7":{"start":{"line":80,"column":46},"end":{"line":80,"column":51}},"8":{"start":{"line":81,"column":26},"end":{"line":81,"column":62}},"9":{"start":{"line":81,"column":56},"end":{"line":81,"column":61}},"10":{"start":{"line":83,"column":2},"end":{"line":83,"column":69}},"11":{"start":{"line":91,"column":40},"end":{"line":91,"column":42}},"12":{"start":{"line":92,"column":14},"end":{"line":92,"column":40}},"13":{"start":{"line":95,"column":2},"end":{"line":97,"column":3}},"14":{"start":{"line":95,"column":38},"end":{"line":95,"column":58}},"15":{"start":{"line":96,"column":4},"end":{"line":96,"column":83}},"16":{"start":{"line":100,"column":23},"end":{"line":100,"column":55}},"17":{"start":{"line":101,"column":2},"end":{"line":105,"column":3}},"18":{"start":{"line":101,"column":44},"end":{"line":101,"column":77}},"19":{"start":{"line":102,"column":4},"end":{"line":104,"column":6}},"20":{"start":{"line":107,"column":2},"end":{"line":114,"column":3}},"21":{"start":{"line":108,"column":4},"end":{"line":108,"column":70}},"22":{"start":{"line":108,"column":61},"end":{"line":108,"column":70}},"23":{"start":{"line":109,"column":4},"end":{"line":113,"column":5}},"24":{"start":{"line":110,"column":6},"end":{"line":112,"column":7}},"25":{"start":{"line":111,"column":8},"end":{"line":111,"column":56}},"26":{"start":{"line":116,"column":2},"end":{"line":129,"column":3}},"27":{"start":{"line":117,"column":4},"end":{"line":128,"column":5}},"28":{"start":{"line":118,"column":18},"end":{"line":118,"column":52}},"29":{"start":{"line":119,"column":20},"end":{"line":119,"column":32}},"30":{"start":{"line":120,"column":6},"end":{"line":127,"column":7}},"31":{"start":{"line":121,"column":8},"end":{"line":126,"column":11}},"32":{"start":{"line":131,"column":2},"end":{"line":131,"column":19}},"33":{"start":{"line":135,"column":21},"end":{"line":135,"column":69}},"34":{"start":{"line":135,"column":55},"end":{"line":135,"column":68}},"35":{"start":{"line":136,"column":2},"end":{"line":136,"column":90}},"36":{"start":{"line":136,"column":40},"end":{"line":136,"column":67}},"37":{"start":{"line":146,"column":27},"end":{"line":146,"column":29}},"38":{"start":{"line":148,"column":2},"end":{"line":152,"column":3}},"39":{"start":{"line":149,"column":4},"end":{"line":149,"column":52}},"40":{"start":{"line":150,"column":9},"end":{"line":152,"column":3}},"41":{"start":{"line":151,"column":4},"end":{"line":151,"column":72}},"42":{"start":{"line":154,"column":2},"end":{"line":158,"column":3}},"43":{"start":{"line":155,"column":4},"end":{"line":155,"column":47}},"44":{"start":{"line":156,"column":9},"end":{"line":158,"column":3}},"45":{"start":{"line":157,"column":4},"end":{"line":157,"column":66}},"46":{"start":{"line":160,"column":2},"end":{"line":164,"column":3}},"47":{"start":{"line":161,"column":4},"end":{"line":161,"column":57}},"48":{"start":{"line":162,"column":9},"end":{"line":164,"column":3}},"49":{"start":{"line":162,"column":34},"end":{"line":162,"column":54}},"50":{"start":{"line":163,"column":4},"end":{"line":163,"column":79}},"51":{"start":{"line":166,"column":2},"end":{"line":168,"column":3}},"52":{"start":{"line":167,"column":4},"end":{"line":167,"column":38}},"53":{"start":{"line":170,"column":2},"end":{"line":179,"column":3}},"54":{"start":{"line":171,"column":4},"end":{"line":171,"column":51}},"55":{"start":{"line":173,"column":25},"end":{"line":173,"column":46}},"56":{"start":{"line":174,"column":4},"end":{"line":178,"column":5}},"57":{"start":{"line":174,"column":35},"end":{"line":174,"column":68}},"58":{"start":{"line":175,"column":6},"end":{"line":177,"column":8}},"59":{"start":{"line":181,"column":2},"end":{"line":181,"column":16}},"60":{"start":{"line":185,"column":2},"end":{"line":185,"column":38}},"61":{"start":{"line":185,"column":13},"end":{"line":185,"column":38}},"62":{"start":{"line":187,"column":28},"end":{"line":187,"column":58}},"63":{"start":{"line":188,"column":16},"end":{"line":188,"column":45}},"64":{"start":{"line":190,"column":2},"end":{"line":196,"column":3}},"65":{"start":{"line":191,"column":4},"end":{"line":195,"column":6}},"66":{"start":{"line":198,"column":32},"end":{"line":198,"column":37}},"67":{"start":{"line":201,"column":20},"end":{"line":201,"column":46}},"68":{"start":{"line":202,"column":2},"end":{"line":207,"column":3}},"69":{"start":{"line":202,"column":30},"end":{"line":202,"column":48}},"70":{"start":{"line":203,"column":4},"end":{"line":206,"column":6}},"71":{"start":{"line":210,"column":25},"end":{"line":210,"column":56}},"72":{"start":{"line":211,"column":2},"end":{"line":216,"column":3}},"73":{"start":{"line":211,"column":36},"end":{"line":211,"column":56}},"74":{"start":{"line":212,"column":4},"end":{"line":215,"column":6}},"75":{"start":{"line":218,"column":2},"end":{"line":218,"column":27}},"76":{"start":{"line":224,"column":22},"end":{"line":224,"column":48}},"77":{"start":{"line":225,"column":2},"end":{"line":225,"column":28}},"78":{"start":{"line":225,"column":16},"end":{"line":225,"column":28}},"79":{"start":{"line":227,"column":28},"end":{"line":227,"column":58}},"80":{"start":{"line":228,"column":16},"end":{"line":228,"column":45}},"81":{"start":{"line":230,"column":2},"end":{"line":230,"column":26}},"82":{"start":{"line":230,"column":14},"end":{"line":230,"column":26}},"83":{"start":{"line":232,"column":32},"end":{"line":232,"column":37}},"84":{"start":{"line":234,"column":2},"end":{"line":238,"column":4}}},"fnMap":{"0":{"name":"generateId","decl":{"start":{"line":6,"column":16},"end":{"line":6,"column":26}},"loc":{"start":{"line":6,"column":37},"end":{"line":8,"column":1}},"line":6},"1":{"name":"isValidId","decl":{"start":{"line":13,"column":16},"end":{"line":13,"column":25}},"loc":{"start":{"line":13,"column":47},"end":{"line":15,"column":1}},"line":13},"2":{"name":"generateSubjectCode","decl":{"start":{"line":75,"column":16},"end":{"line":75,"column":35}},"loc":{"start":{"line":79,"column":10},"end":{"line":84,"column":1}},"line":79},"3":{"name":"(anonymous_3)","decl":{"start":{"line":80,"column":36},"end":{"line":80,"column":37}},"loc":{"start":{"line":80,"column":46},"end":{"line":80,"column":51}},"line":80},"4":{"name":"(anonymous_4)","decl":{"start":{"line":81,"column":46},"end":{"line":81,"column":47}},"loc":{"start":{"line":81,"column":56},"end":{"line":81,"column":61}},"line":81},"5":{"name":"checkScheduleConflicts","decl":{"start":{"line":86,"column":16},"end":{"line":86,"column":38}},"loc":{"start":{"line":90,"column":22},"end":{"line":132,"column":1}},"line":90},"6":{"name":"(anonymous_6)","decl":{"start":{"line":95,"column":29},"end":{"line":95,"column":30}},"loc":{"start":{"line":95,"column":38},"end":{"line":95,"column":58}},"line":95},"7":{"name":"(anonymous_7)","decl":{"start":{"line":101,"column":34},"end":{"line":101,"column":35}},"loc":{"start":{"line":101,"column":44},"end":{"line":101,"column":77}},"line":101},"8":{"name":"getNextAvailableColor","decl":{"start":{"line":134,"column":16},"end":{"line":134,"column":37}},"loc":{"start":{"line":134,"column":75},"end":{"line":137,"column":1}},"line":134},"9":{"name":"(anonymous_9)","decl":{"start":{"line":135,"column":42},"end":{"line":135,"column":43}},"loc":{"start":{"line":135,"column":55},"end":{"line":135,"column":68}},"line":135},"10":{"name":"(anonymous_10)","decl":{"start":{"line":136,"column":29},"end":{"line":136,"column":30}},"loc":{"start":{"line":136,"column":40},"end":{"line":136,"column":67}},"line":136},"11":{"name":"validateSubjectForm","decl":{"start":{"line":139,"column":16},"end":{"line":139,"column":35}},"loc":{"start":{"line":145,"column":12},"end":{"line":182,"column":1}},"line":145},"12":{"name":"(anonymous_12)","decl":{"start":{"line":162,"column":25},"end":{"line":162,"column":26}},"loc":{"start":{"line":162,"column":34},"end":{"line":162,"column":54}},"line":162},"13":{"name":"(anonymous_13)","decl":{"start":{"line":174,"column":25},"end":{"line":174,"column":26}},"loc":{"start":{"line":174,"column":35},"end":{"line":174,"column":68}},"line":174},"14":{"name":"validateScheduleCode","decl":{"start":{"line":184,"column":16},"end":{"line":184,"column":36}},"loc":{"start":{"line":184,"column":91},"end":{"line":219,"column":1}},"line":184},"15":{"name":"(anonymous_15)","decl":{"start":{"line":202,"column":21},"end":{"line":202,"column":22}},"loc":{"start":{"line":202,"column":30},"end":{"line":202,"column":48}},"line":202},"16":{"name":"(anonymous_16)","decl":{"start":{"line":211,"column":26},"end":{"line":211,"column":27}},"loc":{"start":{"line":211,"column":36},"end":{"line":211,"column":56}},"line":211},"17":{"name":"parseScheduleCode","decl":{"start":{"line":221,"column":16},"end":{"line":221,"column":33}},"loc":{"start":{"line":223,"column":74},"end":{"line":239,"column":1}},"line":223}},"branchMap":{"0":{"loc":{"start":{"line":14,"column":9},"end":{"line":14,"column":65}},"type":"binary-expr","locations":[{"start":{"line":14,"column":9},"end":{"line":14,"column":31}},{"start":{"line":14,"column":35},"end":{"line":14,"column":65}}],"line":14},"1":{"loc":{"start":{"line":95,"column":2},"end":{"line":97,"column":3}},"type":"if","locations":[{"start":{"line":95,"column":2},"end":{"line":97,"column":3}},{"start":{},"end":{}}],"line":95},"2":{"loc":{"start":{"line":95,"column":38},"end":{"line":95,"column":58}},"type":"binary-expr","locations":[{"start":{"line":95,"column":38},"end":{"line":95,"column":46}},{"start":{"line":95,"column":50},"end":{"line":95,"column":58}}],"line":95},"3":{"loc":{"start":{"line":100,"column":23},"end":{"line":100,"column":55}},"type":"cond-expr","locations":[{"start":{"line":100,"column":50},"end":{"line":100,"column":51}},{"start":{"line":100,"column":54},"end":{"line":100,"column":55}}],"line":100},"4":{"loc":{"start":{"line":101,"column":2},"end":{"line":105,"column":3}},"type":"if","locations":[{"start":{"line":101,"column":2},"end":{"line":105,"column":3}},{"start":{},"end":{}}],"line":101},"5":{"loc":{"start":{"line":101,"column":44},"end":{"line":101,"column":77}},"type":"binary-expr","locations":[{"start":{"line":101,"column":44},"end":{"line":101,"column":53}},{"start":{"line":101,"column":57},"end":{"line":101,"column":77}}],"line":101},"6":{"loc":{"start":{"line":108,"column":4},"end":{"line":108,"column":70}},"type":"if","locations":[{"start":{"line":108,"column":4},"end":{"line":108,"column":70}},{"start":{},"end":{}}],"line":108},"7":{"loc":{"start":{"line":108,"column":8},"end":{"line":108,"column":59}},"type":"binary-expr","locations":[{"start":{"line":108,"column":8},"end":{"line":108,"column":24}},{"start":{"line":108,"column":28},"end":{"line":108,"column":59}}],"line":108},"8":{"loc":{"start":{"line":120,"column":6},"end":{"line":127,"column":7}},"type":"if","locations":[{"start":{"line":120,"column":6},"end":{"line":127,"column":7}},{"start":{},"end":{}}],"line":120},"9":{"loc":{"start":{"line":136,"column":9},"end":{"line":136,"column":89}},"type":"binary-expr","locations":[{"start":{"line":136,"column":9},"end":{"line":136,"column":68}},{"start":{"line":136,"column":72},"end":{"line":136,"column":89}}],"line":136},"10":{"loc":{"start":{"line":148,"column":2},"end":{"line":152,"column":3}},"type":"if","locations":[{"start":{"line":148,"column":2},"end":{"line":152,"column":3}},{"start":{"line":150,"column":9},"end":{"line":152,"column":3}}],"line":148},"11":{"loc":{"start":{"line":150,"column":9},"end":{"line":152,"column":3}},"type":"if","locations":[{"start":{"line":150,"column":9},"end":{"line":152,"column":3}},{"start":{},"end":{}}],"line":150},"12":{"loc":{"start":{"line":154,"column":2},"end":{"line":158,"column":3}},"type":"if","locations":[{"start":{"line":154,"column":2},"end":{"line":158,"column":3}},{"start":{"line":156,"column":9},"end":{"line":158,"column":3}}],"line":154},"13":{"loc":{"start":{"line":156,"column":9},"end":{"line":158,"column":3}},"type":"if","locations":[{"start":{"line":156,"column":9},"end":{"line":158,"column":3}},{"start":{},"end":{}}],"line":156},"14":{"loc":{"start":{"line":160,"column":2},"end":{"line":164,"column":3}},"type":"if","locations":[{"start":{"line":160,"column":2},"end":{"line":164,"column":3}},{"start":{"line":162,"column":9},"end":{"line":164,"column":3}}],"line":160},"15":{"loc":{"start":{"line":162,"column":9},"end":{"line":164,"column":3}},"type":"if","locations":[{"start":{"line":162,"column":9},"end":{"line":164,"column":3}},{"start":{},"end":{}}],"line":162},"16":{"loc":{"start":{"line":162,"column":34},"end":{"line":162,"column":54}},"type":"binary-expr","locations":[{"start":{"line":162,"column":34},"end":{"line":162,"column":42}},{"start":{"line":162,"column":46},"end":{"line":162,"column":54}}],"line":162},"17":{"loc":{"start":{"line":166,"column":2},"end":{"line":168,"column":3}},"type":"if","locations":[{"start":{"line":166,"column":2},"end":{"line":168,"column":3}},{"start":{},"end":{}}],"line":166},"18":{"loc":{"start":{"line":170,"column":2},"end":{"line":179,"column":3}},"type":"if","locations":[{"start":{"line":170,"column":2},"end":{"line":179,"column":3}},{"start":{"line":172,"column":9},"end":{"line":179,"column":3}}],"line":170},"19":{"loc":{"start":{"line":173,"column":25},"end":{"line":173,"column":46}},"type":"cond-expr","locations":[{"start":{"line":173,"column":41},"end":{"line":173,"column":42}},{"start":{"line":173,"column":45},"end":{"line":173,"column":46}}],"line":173},"20":{"loc":{"start":{"line":174,"column":4},"end":{"line":178,"column":5}},"type":"if","locations":[{"start":{"line":174,"column":4},"end":{"line":178,"column":5}},{"start":{},"end":{}}],"line":174},"21":{"loc":{"start":{"line":174,"column":35},"end":{"line":174,"column":68}},"type":"binary-expr","locations":[{"start":{"line":174,"column":35},"end":{"line":174,"column":44}},{"start":{"line":174,"column":48},"end":{"line":174,"column":68}}],"line":174},"22":{"loc":{"start":{"line":185,"column":2},"end":{"line":185,"column":38}},"type":"if","locations":[{"start":{"line":185,"column":2},"end":{"line":185,"column":38}},{"start":{},"end":{}}],"line":185},"23":{"loc":{"start":{"line":190,"column":2},"end":{"line":196,"column":3}},"type":"if","locations":[{"start":{"line":190,"column":2},"end":{"line":196,"column":3}},{"start":{},"end":{}}],"line":190},"24":{"loc":{"start":{"line":202,"column":2},"end":{"line":207,"column":3}},"type":"if","locations":[{"start":{"line":202,"column":2},"end":{"line":207,"column":3}},{"start":{},"end":{}}],"line":202},"25":{"loc":{"start":{"line":202,"column":30},"end":{"line":202,"column":48}},"type":"binary-expr","locations":[{"start":{"line":202,"column":30},"end":{"line":202,"column":37}},{"start":{"line":202,"column":41},"end":{"line":202,"column":48}}],"line":202},"26":{"loc":{"start":{"line":211,"column":2},"end":{"line":216,"column":3}},"type":"if","locations":[{"start":{"line":211,"column":2},"end":{"line":216,"column":3}},{"start":{},"end":{}}],"line":211},"27":{"loc":{"start":{"line":211,"column":36},"end":{"line":211,"column":56}},"type":"binary-expr","locations":[{"start":{"line":211,"column":36},"end":{"line":211,"column":44}},{"start":{"line":211,"column":48},"end":{"line":211,"column":56}}],"line":211},"28":{"loc":{"start":{"line":225,"column":2},"end":{"line":225,"column":28}},"type":"if","locations":[{"start":{"line":225,"column":2},"end":{"line":225,"column":28}},{"start":{},"end":{}}],"line":225},"29":{"loc":{"start":{"line":230,"column":2},"end":{"line":230,"column":26}},"type":"if","locations":[{"start":{"line":230,"column":2},"end":{"line":230,"column":26}},{"start":{},"end":{}}],"line":230}},"s":{"0":10,"1":6,"2":3,"3":3,"4":3,"5":3,"6":15,"7":15,"8":15,"9":15,"10":15,"11":25,"12":25,"13":25,"14":49,"15":1,"16":24,"17":24,"18":47,"19":1,"20":23,"21":13,"22":4,"23":9,"24":18,"25":36,"26":23,"27":46,"28":92,"29":92,"30":92,"31":20,"32":23,"33":12,"34":2,"35":12,"36":14,"37":11,"38":11,"39":1,"40":10,"41":1,"42":11,"43":1,"44":10,"45":1,"46":11,"47":1,"48":10,"49":19,"50":1,"51":11,"52":1,"53":11,"54":1,"55":10,"56":10,"57":18,"58":2,"59":11,"60":8,"61":0,"62":8,"63":8,"64":8,"65":4,"66":4,"67":4,"68":4,"69":10,"70":0,"71":4,"72":4,"73":10,"74":0,"75":4,"76":4,"77":4,"78":1,"79":3,"80":3,"81":3,"82":0,"83":3,"84":3},"f":{"0":10,"1":6,"2":15,"3":15,"4":15,"5":25,"6":49,"7":47,"8":12,"9":2,"10":14,"11":11,"12":19,"13":18,"14":8,"15":10,"16":10,"17":4},"b":{"0":[6,6],"1":[1,24],"2":[49,48],"3":[0,24],"4":[1,23],"5":[47,46],"6":[4,9],"7":[13,5],"8":[20,72],"9":[12,0],"10":[1,10],"11":[1,9],"12":[1,10],"13":[1,9],"14":[1,10],"15":[1,9],"16":[19,18],"17":[1,10],"18":[1,10],"19":[1,9],"20":[2,8],"21":[18,17],"22":[0,8],"23":[4,4],"24":[0,4],"25":[10,10],"26":[0,4],"27":[10,10],"28":[1,3],"29":[0,3]},"_coverageSchema":"1a1c01bbd47fc00a2c39e90264f33305004495a9","hash":"3b35c9b982411f167491d08bae4c2491ec591845"}
}
