TN:
SF:src/App.tsx
FN:24,AppContent
FN:36,(anonymous_1)
FN:56,(anonymous_2)
FN:61,(anonymous_3)
FN:80,(anonymous_4)
FN:89,(anonymous_5)
FN:122,App
FNF:7
FNH:0
FNDA:0,AppContent
FNDA:0,(anonymous_1)
FNDA:0,(anonymous_2)
FNDA:0,(anonymous_3)
FNDA:0,(anonymous_4)
FNDA:0,(anonymous_5)
FNDA:0,App
DA:25,0
DA:26,0
DA:27,0
DA:28,0
DA:30,0
DA:31,0
DA:34,0
DA:36,0
DA:37,0
DA:38,0
DA:39,0
DA:40,0
DA:42,0
DA:43,0
DA:45,0
DA:46,0
DA:48,0
DA:49,0
DA:51,0
DA:56,0
DA:57,0
DA:58,0
DA:61,0
DA:62,0
DA:63,0
DA:64,0
DA:66,0
DA:67,0
DA:68,0
DA:69,0
DA:71,0
DA:72,0
DA:74,0
DA:80,0
DA:81,0
DA:82,0
DA:85,0
DA:89,0
DA:123,0
LF:39
LH:0
BRDA:38,0,0,0
BRDA:38,0,1,0
BRDA:48,1,0,0
BRDA:48,1,1,0
BRDA:63,2,0,0
BRDA:63,2,1,0
BRDA:63,3,0,0
BRDA:63,3,1,0
BRDA:66,4,0,0
BRDA:66,4,1,0
BRDA:71,5,0,0
BRDA:71,5,1,0
BRDA:92,6,0,0
BRDA:92,6,1,0
BRF:14
BRH:0
end_of_record
TN:
SF:src/main.tsx
FNF:0
FNH:0
DA:6,0
LF:1
LH:0
BRF:0
BRH:0
end_of_record
TN:
SF:src/components/ExportOptions.tsx
FN:6,ExportOptions
FN:11,(anonymous_1)
FN:30,(anonymous_2)
FN:33,(anonymous_3)
FN:60,(anonymous_4)
FN:65,(anonymous_5)
FN:80,(anonymous_6)
FN:86,(anonymous_7)
FN:134,(anonymous_8)
FNF:9
FNH:0
FNDA:0,ExportOptions
FNDA:0,(anonymous_1)
FNDA:0,(anonymous_2)
FNDA:0,(anonymous_3)
FNDA:0,(anonymous_4)
FNDA:0,(anonymous_5)
FNDA:0,(anonymous_6)
FNDA:0,(anonymous_7)
FNDA:0,(anonymous_8)
DA:7,0
DA:8,0
DA:9,0
DA:11,0
DA:12,0
DA:13,0
DA:14,0
DA:15,0
DA:16,0
DA:17,0
DA:18,0
DA:19,0
DA:20,0
DA:21,0
DA:22,0
DA:23,0
DA:25,0
DA:26,0
DA:30,0
DA:31,0
DA:32,0
DA:34,0
DA:44,0
DA:45,0
DA:46,0
DA:47,0
DA:48,0
DA:49,0
DA:50,0
DA:51,0
DA:52,0
DA:53,0
DA:55,0
DA:56,0
DA:60,0
DA:61,0
DA:62,0
DA:64,0
DA:65,0
DA:66,0
DA:67,0
DA:68,0
DA:69,0
DA:70,0
DA:71,0
DA:73,0
DA:76,0
DA:77,0
DA:80,0
DA:81,0
DA:83,0
DA:86,0
DA:87,0
DA:92,0
DA:93,0
DA:94,0
DA:95,0
DA:97,0
DA:98,0
DA:103,0
DA:134,0
LF:61
LH:0
BRDA:62,0,0,0
BRDA:62,0,1,0
BRDA:68,1,0,0
BRDA:68,1,1,0
BRDA:87,2,0,0
BRDA:87,2,1,0
BRDA:109,3,0,0
BRDA:109,3,1,0
BRF:8
BRH:0
end_of_record
TN:
SF:src/components/Legend.tsx
FN:5,Legend
FN:9,handleSelectShift
FN:12,(anonymous_2)
FN:31,(anonymous_3)
FN:46,(anonymous_4)
FN:65,(anonymous_5)
FN:69,(anonymous_6)
FN:87,(anonymous_7)
FN:109,(anonymous_8)
FNF:9
FNH:0
FNDA:0,Legend
FNDA:0,handleSelectShift
FNDA:0,(anonymous_2)
FNDA:0,(anonymous_3)
FNDA:0,(anonymous_4)
FNDA:0,(anonymous_5)
FNDA:0,(anonymous_6)
FNDA:0,(anonymous_7)
FNDA:0,(anonymous_8)
DA:6,0
DA:7,0
DA:10,0
DA:11,0
DA:12,0
DA:15,0
DA:32,0
DA:47,0
DA:66,0
DA:69,0
DA:88,0
DA:110,0
LF:12
LH:0
BRDA:11,0,0,0
BRDA:11,0,1,0
BRDA:72,1,0,0
BRDA:72,1,1,0
BRDA:91,2,0,0
BRDA:91,2,1,0
BRDA:113,3,0,0
BRDA:113,3,1,0
BRF:8
BRH:0
end_of_record
TN:
SF:src/components/Notification.tsx
FN:30,Notification
FN:31,(anonymous_1)
FN:34,(anonymous_2)
FNF:3
FNH:0
FNDA:0,Notification
FNDA:0,(anonymous_1)
FNDA:0,(anonymous_2)
DA:13,0
DA:20,0
DA:31,0
DA:32,0
DA:33,0
DA:34,0
DA:38,0
DA:40,0
LF:8
LH:0
BRDA:30,0,0,0
BRDA:32,1,0,0
BRDA:32,1,1,0
BRF:3
BRH:0
end_of_record
TN:
SF:src/components/ScheduleGrid.tsx
FN:13,ScheduleGrid
FN:21,(anonymous_1)
FN:23,(anonymous_2)
FN:25,(anonymous_3)
FN:27,(anonymous_4)
FN:32,(anonymous_5)
FN:33,(anonymous_6)
FN:34,(anonymous_7)
FN:43,(anonymous_8)
FN:52,(anonymous_9)
FN:72,(anonymous_10)
FN:82,(anonymous_11)
FN:96,(anonymous_12)
FN:118,(anonymous_13)
FN:130,(anonymous_14)
FN:131,(anonymous_15)
FN:141,(anonymous_16)
FN:151,(anonymous_17)
FNF:18
FNH:0
FNDA:0,ScheduleGrid
FNDA:0,(anonymous_1)
FNDA:0,(anonymous_2)
FNDA:0,(anonymous_3)
FNDA:0,(anonymous_4)
FNDA:0,(anonymous_5)
FNDA:0,(anonymous_6)
FNDA:0,(anonymous_7)
FNDA:0,(anonymous_8)
FNDA:0,(anonymous_9)
FNDA:0,(anonymous_10)
FNDA:0,(anonymous_11)
FNDA:0,(anonymous_12)
FNDA:0,(anonymous_13)
FNDA:0,(anonymous_14)
FNDA:0,(anonymous_15)
FNDA:0,(anonymous_16)
FNDA:0,(anonymous_17)
DA:13,0
DA:18,0
DA:21,0
DA:22,0
DA:23,0
DA:24,0
DA:25,0
DA:26,0
DA:27,0
DA:28,0
DA:32,0
DA:33,0
DA:34,0
DA:35,0
DA:39,0
DA:42,0
DA:44,0
DA:45,0
DA:51,0
DA:53,0
DA:54,0
DA:60,0
DA:73,0
DA:74,0
DA:83,0
DA:84,0
DA:96,0
DA:105,0
DA:119,0
DA:130,0
DA:132,0
DA:142,0
DA:152,0
LF:33
LH:0
BRDA:44,0,0,0
BRDA:44,0,1,0
BRDA:54,1,0,0
BRDA:54,1,1,0
BRDA:66,2,0,0
BRDA:66,2,1,0
BRF:6
BRH:0
end_of_record
TN:
SF:src/components/ShiftFilter.tsx
FN:9,ShiftFilter
FN:10,(anonymous_1)
FN:12,(anonymous_2)
FN:23,(anonymous_3)
FN:26,(anonymous_4)
FNF:5
FNH:0
FNDA:0,ShiftFilter
FNDA:0,(anonymous_1)
FNDA:0,(anonymous_2)
FNDA:0,(anonymous_3)
FNDA:0,(anonymous_4)
DA:10,0
DA:11,0
DA:12,0
DA:14,0
DA:18,0
DA:24,0
DA:26,0
LF:7
LH:0
BRDA:11,0,0,0
BRDA:11,0,1,0
BRDA:29,1,0,0
BRDA:29,1,1,0
BRF:4
BRH:0
end_of_record
TN:
SF:src/components/SubjectForm.tsx
FN:22,SubjectForm
FN:37,(anonymous_1)
FN:64,(anonymous_2)
FN:83,(anonymous_3)
FN:85,(anonymous_4)
FN:86,(anonymous_5)
FN:91,(anonymous_6)
FN:101,(anonymous_7)
FN:102,(anonymous_8)
FN:104,(anonymous_9)
FN:106,(anonymous_10)
FN:109,(anonymous_11)
FN:110,(anonymous_12)
FN:113,(anonymous_13)
FN:116,(anonymous_14)
FN:119,(anonymous_15)
FN:159,(anonymous_16)
FN:162,(anonymous_17)
FN:206,(anonymous_18)
FN:229,(anonymous_19)
FN:269,(anonymous_20)
FN:284,(anonymous_21)
FN:289,(anonymous_22)
FN:298,(anonymous_23)
FN:308,(anonymous_24)
FN:324,(anonymous_25)
FN:335,(anonymous_26)
FN:340,(anonymous_27)
FN:349,(anonymous_28)
FN:364,(anonymous_29)
FNF:30
FNH:0
FNDA:0,SubjectForm
FNDA:0,(anonymous_1)
FNDA:0,(anonymous_2)
FNDA:0,(anonymous_3)
FNDA:0,(anonymous_4)
FNDA:0,(anonymous_5)
FNDA:0,(anonymous_6)
FNDA:0,(anonymous_7)
FNDA:0,(anonymous_8)
FNDA:0,(anonymous_9)
FNDA:0,(anonymous_10)
FNDA:0,(anonymous_11)
FNDA:0,(anonymous_12)
FNDA:0,(anonymous_13)
FNDA:0,(anonymous_14)
FNDA:0,(anonymous_15)
FNDA:0,(anonymous_16)
FNDA:0,(anonymous_17)
FNDA:0,(anonymous_18)
FNDA:0,(anonymous_19)
FNDA:0,(anonymous_20)
FNDA:0,(anonymous_21)
FNDA:0,(anonymous_22)
FNDA:0,(anonymous_23)
FNDA:0,(anonymous_24)
FNDA:0,(anonymous_25)
FNDA:0,(anonymous_26)
FNDA:0,(anonymous_27)
FNDA:0,(anonymous_28)
FNDA:0,(anonymous_29)
DA:23,0
DA:24,0
DA:33,0
DA:34,0
DA:35,0
DA:37,0
DA:38,0
DA:39,0
DA:49,0
DA:59,0
DA:60,0
DA:61,0
DA:64,0
DA:65,0
DA:73,0
DA:74,0
DA:75,0
DA:76,0
DA:80,0
DA:83,0
DA:84,0
DA:85,0
DA:86,0
DA:88,0
DA:89,0
DA:90,0
DA:91,0
DA:101,0
DA:102,0
DA:104,0
DA:106,0
DA:109,0
DA:110,0
DA:113,0
DA:116,0
DA:119,0
DA:120,0
DA:122,0
DA:123,0
DA:124,0
DA:127,0
DA:128,0
DA:141,0
DA:142,0
DA:143,0
DA:144,0
DA:147,0
DA:159,0
DA:160,0
DA:162,0
DA:166,0
DA:168,0
DA:206,0
DA:229,0
DA:269,0
DA:285,0
DA:289,0
DA:298,0
DA:309,0
DA:324,0
DA:336,0
DA:340,0
DA:349,0
DA:365,0
LF:64
LH:0
BRDA:38,0,0,0
BRDA:38,0,1,0
BRDA:46,1,0,0
BRDA:46,1,1,0
BRDA:73,2,0,0
BRDA:73,2,1,0
BRDA:75,3,0,0
BRDA:75,3,1,0
BRDA:75,4,0,0
BRDA:75,4,1,0
BRDA:88,5,0,0
BRDA:88,5,1,0
BRDA:90,6,0,0
BRDA:90,6,1,0
BRDA:104,7,0,0
BRDA:104,7,1,0
BRDA:112,8,0,0
BRDA:112,8,1,0
BRDA:122,9,0,0
BRDA:122,9,1,0
BRDA:127,10,0,0
BRDA:127,10,1,0
BRDA:136,11,0,0
BRDA:136,11,1,0
BRDA:141,12,0,0
BRDA:141,12,1,0
BRDA:154,13,0,0
BRDA:154,13,1,0
BRDA:161,14,0,0
BRDA:161,14,1,0
BRDA:166,15,0,0
BRDA:166,15,1,0
BRDA:174,16,0,0
BRDA:174,16,1,0
BRDA:198,17,0,0
BRDA:198,17,1,0
BRDA:204,18,0,0
BRDA:204,18,1,0
BRDA:221,19,0,0
BRDA:221,19,1,0
BRDA:227,20,0,0
BRDA:227,20,1,0
BRDA:261,21,0,0
BRDA:261,21,1,0
BRDA:267,22,0,0
BRDA:267,22,1,0
BRDA:296,23,0,0
BRDA:296,23,1,0
BRDA:322,24,0,0
BRDA:322,24,1,0
BRDA:329,25,0,0
BRDA:329,25,1,0
BRDA:347,26,0,0
BRDA:347,26,1,0
BRDA:355,27,0,0
BRDA:355,27,1,0
BRDA:388,28,0,0
BRDA:388,28,1,0
BRF:58
BRH:0
end_of_record
TN:
SF:src/components/SubjectList.tsx
FN:14,SubjectList
FN:18,(anonymous_1)
FN:20,(anonymous_2)
FN:22,(anonymous_3)
FN:32,(anonymous_4)
FN:33,(anonymous_5)
FN:36,(anonymous_6)
FN:38,(anonymous_7)
FN:39,(anonymous_8)
FN:76,(anonymous_9)
FN:85,(anonymous_10)
FN:115,(anonymous_11)
FN:122,(anonymous_12)
FNF:13
FNH:0
FNDA:0,SubjectList
FNDA:0,(anonymous_1)
FNDA:0,(anonymous_2)
FNDA:0,(anonymous_3)
FNDA:0,(anonymous_4)
FNDA:0,(anonymous_5)
FNDA:0,(anonymous_6)
FNDA:0,(anonymous_7)
FNDA:0,(anonymous_8)
FNDA:0,(anonymous_9)
FNDA:0,(anonymous_10)
FNDA:0,(anonymous_11)
FNDA:0,(anonymous_12)
DA:15,0
DA:16,0
DA:18,0
DA:19,0
DA:20,0
DA:23,0
DA:32,0
DA:33,0
DA:36,0
DA:37,0
DA:39,0
DA:40,0
DA:45,0
DA:46,0
DA:59,0
DA:76,0
DA:86,0
DA:115,0
DA:122,0
LF:19
LH:0
BRDA:23,0,0,0
BRDA:23,0,1,0
BRDA:23,0,2,0
BRDA:23,0,3,0
BRDA:23,0,4,0
BRDA:23,0,5,0
BRDA:45,1,0,0
BRDA:45,1,1,0
BRDA:98,2,0,0
BRDA:98,2,1,0
BRDA:103,3,0,0
BRDA:103,3,1,0
BRF:12
BRH:0
end_of_record
TN:
SF:src/contexts/NotificationContext.tsx
FN:20,NotificationProvider
FN:23,(anonymous_1)
FN:24,(anonymous_2)
FN:24,(anonymous_3)
FN:28,(anonymous_4)
FN:30,(anonymous_5)
FN:33,(anonymous_6)
FN:45,(anonymous_7)
FN:61,(anonymous_8)
FN:74,useNotification
FNF:10
FNH:0
FNDA:0,NotificationProvider
FNDA:0,(anonymous_1)
FNDA:0,(anonymous_2)
FNDA:0,(anonymous_3)
FNDA:0,(anonymous_4)
FNDA:0,(anonymous_5)
FNDA:0,(anonymous_6)
FNDA:0,(anonymous_7)
FNDA:0,(anonymous_8)
FNDA:0,useNotification
DA:18,0
DA:21,0
DA:23,0
DA:24,0
DA:27,0
DA:29,0
DA:30,0
DA:32,0
DA:33,0
DA:34,0
DA:41,0
DA:46,0
DA:61,0
DA:75,0
DA:76,0
DA:77,0
DA:79,0
LF:17
LH:0
BRDA:28,0,0,0
BRDA:32,1,0,0
BRDA:32,1,1,0
BRDA:49,2,0,0
BRDA:49,2,1,0
BRDA:51,3,0,0
BRDA:51,3,1,0
BRDA:53,4,0,0
BRDA:53,4,1,0
BRDA:76,5,0,0
BRDA:76,5,1,0
BRF:11
BRH:0
end_of_record
TN:
SF:src/contexts/ThemeContext.tsx
FN:11,(anonymous_0)
FN:14,(anonymous_1)
FN:29,(anonymous_2)
FN:39,(anonymous_3)
FNF:4
FNH:0
FNDA:0,(anonymous_0)
FNDA:0,(anonymous_1)
FNDA:0,(anonymous_2)
FNDA:0,(anonymous_3)
DA:9,0
DA:11,0
DA:12,0
DA:14,0
DA:15,0
DA:16,0
DA:17,0
DA:18,0
DA:20,0
DA:24,0
DA:28,0
DA:29,0
DA:36,0
DA:39,0
DA:40,0
DA:41,0
DA:42,0
DA:44,0
LF:18
LH:0
BRDA:16,0,0,0
BRDA:16,0,1,0
BRDA:17,1,0,0
BRDA:17,1,1,0
BRDA:41,2,0,0
BRDA:41,2,1,0
BRF:6
BRH:0
end_of_record
TN:
SF:src/hooks/useLocalStorage.ts
FN:6,(anonymous_0)
FN:11,(anonymous_1)
FN:35,(anonymous_2)
FN:45,(anonymous_3)
FNF:4
FNH:0
FNDA:0,(anonymous_0)
FNDA:0,(anonymous_1)
FNDA:0,(anonymous_2)
FNDA:0,(anonymous_3)
DA:6,0
DA:7,0
DA:8,0
DA:11,0
DA:12,0
DA:13,0
DA:14,0
DA:15,0
DA:18,0
DA:19,0
DA:20,0
DA:25,0
DA:26,0
DA:27,0
DA:28,0
DA:29,0
DA:35,0
DA:36,0
DA:37,0
DA:38,0
DA:45,0
DA:46,0
DA:47,0
DA:48,0
DA:49,0
DA:51,0
DA:53,0
DA:54,0
DA:56,0
LF:29
LH:0
BRDA:12,0,0,0
BRDA:12,0,1,0
BRDA:12,1,0,0
BRDA:12,1,1,0
BRDA:26,2,0,0
BRDA:26,2,1,0
BRDA:28,3,0,0
BRDA:28,3,1,0
BRDA:36,4,0,0
BRDA:36,4,1,0
BRDA:36,5,0,0
BRDA:36,5,1,0
BRDA:46,6,0,0
BRDA:46,6,1,0
BRDA:46,7,0,0
BRDA:46,7,1,0
BRDA:47,8,0,0
BRDA:47,8,1,0
BRDA:48,9,0,0
BRDA:48,9,1,0
BRDA:53,10,0,0
BRDA:53,10,1,0
BRF:22
BRH:0
end_of_record
TN:
SF:src/hooks/useShiftFilter.ts
FN:5,useShiftFilter
FN:6,(anonymous_1)
FN:14,(anonymous_2)
FNF:3
FNH:0
FNDA:0,useShiftFilter
FNDA:0,(anonymous_1)
FNDA:0,(anonymous_2)
DA:3,0
DA:6,0
DA:7,0
DA:8,0
DA:9,0
DA:11,0
DA:14,0
DA:15,0
DA:16,0
DA:20,0
LF:10
LH:0
BRDA:7,0,0,0
BRDA:7,0,1,0
BRDA:7,1,0,0
BRDA:7,1,1,0
BRDA:9,2,0,0
BRDA:9,2,1,0
BRDA:15,3,0,0
BRDA:15,3,1,0
BRDA:15,4,0,0
BRDA:15,4,1,0
BRF:10
BRH:0
end_of_record
TN:
SF:src/layouts/MainLayout.tsx
FN:12,(anonymous_0)
FN:22,(anonymous_1)
FN:27,(anonymous_2)
FN:33,(anonymous_3)
FN:101,(anonymous_4)
FN:112,(anonymous_5)
FNF:6
FNH:0
FNDA:0,(anonymous_0)
FNDA:0,(anonymous_1)
FNDA:0,(anonymous_2)
FNDA:0,(anonymous_3)
FNDA:0,(anonymous_4)
FNDA:0,(anonymous_5)
DA:12,0
DA:18,0
DA:19,0
DA:20,0
DA:22,0
DA:23,0
DA:24,0
DA:25,0
DA:26,0
DA:28,0
DA:32,0
DA:33,0
DA:37,0
DA:101,0
DA:112,0
LF:15
LH:0
BRDA:24,0,0,0
BRDA:24,0,1,0
BRDA:25,1,0,0
BRDA:25,1,1,0
BRDA:25,2,0,0
BRDA:25,2,1,0
BRDA:65,3,0,0
BRDA:65,3,1,0
BRDA:69,4,0,0
BRDA:69,4,1,0
BRDA:76,5,0,0
BRDA:76,5,1,0
BRDA:80,6,0,0
BRDA:80,6,1,0
BRDA:103,7,0,0
BRDA:103,7,1,0
BRDA:114,8,0,0
BRDA:114,8,1,0
BRDA:130,9,0,0
BRDA:130,9,1,0
BRF:20
BRH:0
end_of_record
TN:
SF:src/services/storageService.ts
FN:17,(anonymous_0)
FN:31,(anonymous_1)
FN:74,(anonymous_2)
FN:81,(anonymous_3)
FN:92,(anonymous_4)
FN:119,(anonymous_5)
FN:135,(anonymous_6)
FN:155,(anonymous_7)
FN:185,(anonymous_8)
FN:201,(anonymous_9)
FN:221,(anonymous_10)
FN:246,(anonymous_11)
FN:253,(anonymous_12)
FN:285,(anonymous_13)
FN:292,(anonymous_14)
FNF:15
FNH:15
FNDA:22,(anonymous_0)
FNDA:7,(anonymous_1)
FNDA:2,(anonymous_2)
FNDA:2,(anonymous_3)
FNDA:2,(anonymous_4)
FNDA:9,(anonymous_5)
FNDA:4,(anonymous_6)
FNDA:4,(anonymous_7)
FNDA:2,(anonymous_8)
FNDA:2,(anonymous_9)
FNDA:3,(anonymous_10)
FNDA:4,(anonymous_11)
FNDA:2,(anonymous_12)
FNDA:3,(anonymous_13)
FNDA:1,(anonymous_14)
DA:6,2
DA:7,2
DA:8,2
DA:18,22
DA:19,22
DA:20,22
DA:21,21
DA:22,20
DA:24,2
DA:32,7
DA:33,0
DA:36,7
DA:37,6
DA:38,0
DA:39,6
DA:40,2
DA:42,4
DA:43,0
DA:45,4
DA:46,0
DA:48,4
DA:49,0
DA:51,4
DA:52,0
DA:54,4
DA:55,0
DA:57,4
DA:58,0
DA:60,4
DA:61,0
DA:63,4
DA:64,0
DA:68,5
DA:75,2
DA:82,2
DA:83,2
DA:85,1
DA:93,2
DA:94,0
DA:97,2
DA:98,2
DA:99,2
DA:104,2
DA:105,2
DA:106,0
DA:109,2
DA:111,0
DA:112,0
DA:120,9
DA:121,0
DA:124,9
DA:125,9
DA:126,7
DA:128,2
DA:136,4
DA:137,1
DA:140,3
DA:141,3
DA:142,2
DA:143,2
DA:145,1
DA:146,1
DA:148,0
DA:156,4
DA:157,4
DA:158,0
DA:161,4
DA:162,3
DA:163,1
DA:167,2
DA:168,2
DA:170,1
DA:172,1
DA:173,1
DA:175,2
DA:176,1
DA:178,1
DA:186,2
DA:187,1
DA:190,1
DA:191,1
DA:192,1
DA:194,0
DA:202,2
DA:203,0
DA:206,2
DA:207,2
DA:208,1
DA:209,0
DA:212,1
DA:214,1
DA:222,3
DA:223,3
DA:224,0
DA:228,3
DA:229,3
DA:231,1
DA:233,2
DA:234,1
DA:236,2
DA:237,2
DA:239,0
DA:247,4
DA:248,4
DA:249,0
DA:252,4
DA:253,3
DA:255,3
DA:256,1
DA:260,2
DA:261,2
DA:263,1
DA:267,1
DA:268,1
DA:270,0
DA:272,1
DA:273,1
DA:275,3
DA:276,2
DA:278,1
DA:286,3
DA:287,0
DA:290,3
DA:291,3
DA:292,2
DA:297,1
LF:126
LH:101
BRDA:32,0,0,0
BRDA:32,0,1,7
BRDA:37,1,0,0
BRDA:37,1,1,6
BRDA:39,2,0,2
BRDA:39,2,1,4
BRDA:42,3,0,0
BRDA:42,3,1,4
BRDA:42,4,0,4
BRDA:42,4,1,4
BRDA:45,5,0,0
BRDA:45,5,1,4
BRDA:45,6,0,4
BRDA:45,6,1,4
BRDA:48,7,0,0
BRDA:48,7,1,4
BRDA:48,8,0,4
BRDA:48,8,1,4
BRDA:51,9,0,0
BRDA:51,9,1,4
BRDA:51,10,0,4
BRDA:51,10,1,4
BRDA:54,11,0,0
BRDA:54,11,1,4
BRDA:54,12,0,4
BRDA:54,12,1,4
BRDA:57,13,0,0
BRDA:57,13,1,4
BRDA:57,14,0,4
BRDA:57,14,1,4
BRDA:60,15,0,0
BRDA:60,15,1,4
BRDA:63,16,0,0
BRDA:63,16,1,4
BRDA:63,17,0,4
BRDA:63,17,1,4
BRDA:93,18,0,0
BRDA:93,18,1,2
BRDA:105,19,0,0
BRDA:105,19,1,2
BRDA:120,20,0,0
BRDA:120,20,1,9
BRDA:126,21,0,4
BRDA:126,21,1,3
BRDA:136,22,0,1
BRDA:136,22,1,3
BRDA:145,23,0,1
BRDA:145,23,1,0
BRDA:157,24,0,0
BRDA:157,24,1,4
BRDA:162,25,0,1
BRDA:162,25,1,2
BRDA:175,26,0,1
BRDA:175,26,1,1
BRDA:186,27,0,1
BRDA:186,27,1,1
BRDA:202,28,0,0
BRDA:202,28,1,2
BRDA:208,29,0,0
BRDA:208,29,1,1
BRDA:223,30,0,0
BRDA:223,30,1,3
BRDA:236,31,0,2
BRDA:236,31,1,0
BRDA:248,32,0,0
BRDA:248,32,1,4
BRDA:255,33,0,1
BRDA:255,33,1,2
BRDA:275,34,0,2
BRDA:275,34,1,1
BRDA:286,35,0,0
BRDA:286,35,1,3
BRF:72
BRH:51
end_of_record
TN:
SF:src/services/subjectService.ts
FN:12,(anonymous_0)
FN:40,(anonymous_1)
FN:55,(anonymous_2)
FN:69,(anonymous_3)
FN:97,(anonymous_4)
FN:103,(anonymous_5)
FN:138,(anonymous_6)
FN:141,(anonymous_7)
FN:156,(anonymous_8)
FN:169,(anonymous_9)
FN:177,(anonymous_10)
FN:193,(anonymous_11)
FNF:12
FNH:12
FNDA:22,(anonymous_0)
FNDA:31,(anonymous_1)
FNDA:14,(anonymous_2)
FNDA:12,(anonymous_3)
FNDA:5,(anonymous_4)
FNDA:5,(anonymous_5)
FNDA:4,(anonymous_6)
FNDA:3,(anonymous_7)
FNDA:7,(anonymous_8)
FNDA:2,(anonymous_9)
FNDA:2,(anonymous_10)
FNDA:1,(anonymous_11)
DA:13,22
DA:14,22
DA:15,0
DA:18,22
DA:19,22
DA:20,0
DA:23,22
DA:24,22
DA:25,0
DA:28,22
DA:29,22
DA:30,0
DA:33,22
DA:34,22
DA:35,0
DA:41,31
DA:42,31
DA:43,27
DA:44,0
DA:46,27
DA:48,4
DA:49,0
DA:51,4
DA:56,14
DA:57,14
DA:58,0
DA:60,14
DA:62,0
DA:63,0
DA:65,0
DA:70,12
DA:71,12
DA:72,12
DA:73,11
DA:75,11
DA:76,1
DA:79,10
DA:86,10
DA:87,10
DA:88,10
DA:90,2
DA:91,1
DA:93,1
DA:101,5
DA:102,5
DA:103,5
DA:105,4
DA:106,1
DA:109,3
DA:110,3
DA:120,3
DA:122,3
DA:123,3
DA:124,1
DA:127,2
DA:128,2
DA:129,2
DA:131,3
DA:132,2
DA:134,1
DA:139,4
DA:140,4
DA:141,3
DA:143,3
DA:144,1
DA:147,2
DA:149,2
DA:150,1
DA:152,1
DA:160,7
DA:161,7
DA:162,7
DA:163,6
DA:165,1
DA:170,2
DA:171,2
DA:173,1
DA:178,2
DA:179,2
DA:180,1
DA:181,0
DA:183,1
DA:184,1
DA:186,1
DA:187,0
DA:189,1
DA:194,1
DA:195,1
DA:197,0
LF:89
LH:75
BRDA:12,0,0,19
BRDA:13,1,0,22
BRDA:13,1,1,0
BRDA:13,2,0,22
BRDA:13,2,1,3
BRDA:14,3,0,0
BRDA:14,3,1,22
BRDA:18,4,0,22
BRDA:18,4,1,0
BRDA:18,5,0,22
BRDA:18,5,1,3
BRDA:19,6,0,0
BRDA:19,6,1,22
BRDA:23,7,0,22
BRDA:23,7,1,0
BRDA:23,8,0,22
BRDA:23,8,1,3
BRDA:24,9,0,0
BRDA:24,9,1,22
BRDA:28,10,0,22
BRDA:28,10,1,0
BRDA:28,11,0,22
BRDA:28,11,1,3
BRDA:29,12,0,0
BRDA:29,12,1,22
BRDA:33,13,0,22
BRDA:33,13,1,0
BRDA:33,14,0,22
BRDA:33,14,1,3
BRDA:34,15,0,0
BRDA:34,15,1,22
BRDA:43,16,0,0
BRDA:43,16,1,27
BRDA:48,17,0,0
BRDA:48,17,1,4
BRDA:57,18,0,0
BRDA:57,18,1,14
BRDA:62,19,0,0
BRDA:62,19,1,0
BRDA:75,20,0,1
BRDA:75,20,1,10
BRDA:90,21,0,1
BRDA:90,21,1,1
BRDA:90,22,0,2
BRDA:90,22,1,2
BRDA:105,23,0,1
BRDA:105,23,1,3
BRDA:114,24,0,3
BRDA:114,24,1,1
BRDA:115,25,0,3
BRDA:115,25,1,2
BRDA:116,26,0,3
BRDA:116,26,1,2
BRDA:123,27,0,1
BRDA:123,27,1,2
BRDA:131,28,0,2
BRDA:131,28,1,1
BRDA:131,29,0,3
BRDA:131,29,1,2
BRDA:143,30,0,1
BRDA:143,30,1,2
BRDA:149,31,0,1
BRDA:149,31,1,1
BRDA:180,32,0,0
BRDA:180,32,1,1
BRDA:186,33,0,0
BRDA:186,33,1,1
BRF:67
BRH:50
end_of_record
TN:
SF:src/stores/useSubjectsStore.ts
FN:16,(anonymous_0)
FN:20,(anonymous_1)
FN:23,(anonymous_2)
FN:41,(anonymous_3)
FN:44,(anonymous_4)
FN:45,(anonymous_5)
FN:62,(anonymous_6)
FN:65,(anonymous_7)
FN:66,(anonymous_8)
FN:79,(anonymous_9)
FN:81,(anonymous_10)
FNF:11
FNH:0
FNDA:0,(anonymous_0)
FNDA:0,(anonymous_1)
FNDA:0,(anonymous_2)
FNDA:0,(anonymous_3)
FNDA:0,(anonymous_4)
FNDA:0,(anonymous_5)
FNDA:0,(anonymous_6)
FNDA:0,(anonymous_7)
FNDA:0,(anonymous_8)
FNDA:0,(anonymous_9)
FNDA:0,(anonymous_10)
DA:16,0
DA:21,0
DA:22,0
DA:23,0
DA:28,0
DA:33,0
DA:35,0
DA:37,0
DA:42,0
DA:43,0
DA:44,0
DA:45,0
DA:49,0
DA:54,0
DA:56,0
DA:58,0
DA:63,0
DA:64,0
DA:65,0
DA:66,0
DA:70,0
DA:71,0
DA:73,0
DA:75,0
DA:79,0
DA:82,0
DA:83,0
DA:84,0
DA:86,0
DA:87,0
DA:89,0
DA:91,0
LF:32
LH:0
BRDA:28,0,0,0
BRDA:28,0,1,0
BRDA:29,1,0,0
BRDA:29,1,1,0
BRDA:29,1,2,0
BRDA:45,2,0,0
BRDA:45,2,1,0
BRDA:49,3,0,0
BRDA:49,3,1,0
BRDA:50,4,0,0
BRDA:50,4,1,0
BRDA:50,4,2,0
BRDA:70,5,0,0
BRDA:70,5,1,0
BRDA:70,6,0,0
BRDA:70,6,1,0
BRDA:86,7,0,0
BRDA:86,7,1,0
BRF:18
BRH:0
end_of_record
TN:
SF:src/stores/useThemeStore.ts
FN:9,(anonymous_0)
FN:12,(anonymous_1)
FN:13,(anonymous_2)
FN:17,(anonymous_3)
FNF:4
FNH:0
FNDA:0,(anonymous_0)
FNDA:0,(anonymous_1)
FNDA:0,(anonymous_2)
FNDA:0,(anonymous_3)
DA:9,0
DA:13,0
DA:17,0
LF:3
LH:0
BRF:0
BRH:0
end_of_record
TN:
SF:src/types/schedule.ts
FNF:0
FNH:0
LF:0
LH:0
BRF:0
BRH:0
end_of_record
TN:
SF:src/utils/errors.ts
FN:2,(anonymous_0)
FN:13,(anonymous_1)
FN:20,(anonymous_2)
FN:27,(anonymous_3)
FN:33,handleError
FNF:5
FNH:5
FNDA:23,(anonymous_0)
FNDA:9,(anonymous_1)
FNDA:2,(anonymous_2)
FNDA:12,(anonymous_3)
FNDA:4,handleError
DA:7,23
DA:8,23
DA:14,9
DA:15,9
DA:21,2
DA:22,2
DA:28,12
DA:29,12
DA:34,4
DA:35,4
DA:38,0
DA:39,0
DA:42,0
LF:13
LH:10
BRDA:34,0,0,4
BRDA:34,0,1,0
BRDA:38,1,0,0
BRDA:38,1,1,0
BRF:4
BRH:1
end_of_record
TN:
SF:src/utils/scheduleUtils.ts
FN:6,generateId
FN:13,isValidId
FN:75,generateSubjectCode
FN:80,(anonymous_3)
FN:81,(anonymous_4)
FN:86,checkScheduleConflicts
FN:95,(anonymous_6)
FN:101,(anonymous_7)
FN:134,getNextAvailableColor
FN:135,(anonymous_9)
FN:136,(anonymous_10)
FN:139,validateSubjectForm
FN:162,(anonymous_12)
FN:174,(anonymous_13)
FN:184,validateScheduleCode
FN:202,(anonymous_15)
FN:211,(anonymous_16)
FN:221,parseScheduleCode
FNF:18
FNH:18
FNDA:10,generateId
FNDA:6,isValidId
FNDA:15,generateSubjectCode
FNDA:15,(anonymous_3)
FNDA:15,(anonymous_4)
FNDA:25,checkScheduleConflicts
FNDA:49,(anonymous_6)
FNDA:47,(anonymous_7)
FNDA:12,getNextAvailableColor
FNDA:2,(anonymous_9)
FNDA:14,(anonymous_10)
FNDA:11,validateSubjectForm
FNDA:19,(anonymous_12)
FNDA:18,(anonymous_13)
FNDA:8,validateScheduleCode
FNDA:10,(anonymous_15)
FNDA:10,(anonymous_16)
FNDA:4,parseScheduleCode
DA:7,10
DA:14,6
DA:17,3
DA:26,3
DA:32,3
DA:57,3
DA:80,15
DA:81,15
DA:83,15
DA:91,25
DA:92,25
DA:95,49
DA:96,1
DA:100,24
DA:101,47
DA:102,1
DA:107,23
DA:108,13
DA:109,9
DA:110,18
DA:111,36
DA:116,23
DA:117,46
DA:118,92
DA:119,92
DA:120,92
DA:121,20
DA:131,23
DA:135,12
DA:136,14
DA:146,11
DA:148,11
DA:149,1
DA:150,10
DA:151,1
DA:154,11
DA:155,1
DA:156,10
DA:157,1
DA:160,11
DA:161,1
DA:162,19
DA:163,1
DA:166,11
DA:167,1
DA:170,11
DA:171,1
DA:173,10
DA:174,18
DA:175,2
DA:181,11
DA:185,8
DA:187,8
DA:188,8
DA:190,8
DA:191,4
DA:198,4
DA:201,4
DA:202,10
DA:203,0
DA:210,4
DA:211,10
DA:212,0
DA:218,4
DA:224,4
DA:225,4
DA:227,3
DA:228,3
DA:230,3
DA:232,3
DA:234,3
LF:71
LH:69
BRDA:14,0,0,6
BRDA:14,0,1,6
BRDA:95,1,0,1
BRDA:95,1,1,24
BRDA:95,2,0,49
BRDA:95,2,1,48
BRDA:100,3,0,0
BRDA:100,3,1,24
BRDA:101,4,0,1
BRDA:101,4,1,23
BRDA:101,5,0,47
BRDA:101,5,1,46
BRDA:108,6,0,4
BRDA:108,6,1,9
BRDA:108,7,0,13
BRDA:108,7,1,5
BRDA:120,8,0,20
BRDA:120,8,1,72
BRDA:136,9,0,12
BRDA:136,9,1,0
BRDA:148,10,0,1
BRDA:148,10,1,10
BRDA:150,11,0,1
BRDA:150,11,1,9
BRDA:154,12,0,1
BRDA:154,12,1,10
BRDA:156,13,0,1
BRDA:156,13,1,9
BRDA:160,14,0,1
BRDA:160,14,1,10
BRDA:162,15,0,1
BRDA:162,15,1,9
BRDA:162,16,0,19
BRDA:162,16,1,18
BRDA:166,17,0,1
BRDA:166,17,1,10
BRDA:170,18,0,1
BRDA:170,18,1,10
BRDA:173,19,0,1
BRDA:173,19,1,9
BRDA:174,20,0,2
BRDA:174,20,1,8
BRDA:174,21,0,18
BRDA:174,21,1,17
BRDA:185,22,0,0
BRDA:185,22,1,8
BRDA:190,23,0,4
BRDA:190,23,1,4
BRDA:202,24,0,0
BRDA:202,24,1,4
BRDA:202,25,0,10
BRDA:202,25,1,10
BRDA:211,26,0,0
BRDA:211,26,1,4
BRDA:211,27,0,10
BRDA:211,27,1,10
BRDA:225,28,0,1
BRDA:225,28,1,3
BRDA:230,29,0,0
BRDA:230,29,1,3
BRF:60
BRH:54
end_of_record
