TN:
SF:src/services/storageService.ts
FN:17,(anonymous_0)
FN:31,(anonymous_1)
FN:34,(anonymous_2)
FN:38,(anonymous_3)
FN:45,(anonymous_4)
FN:61,(anonymous_5)
FN:77,(anonymous_6)
FN:104,(anonymous_7)
FN:121,(anonymous_8)
FN:143,(anonymous_9)
FN:165,(anonymous_10)
FN:181,(anonymous_11)
FN:193,(anonymous_12)
FN:211,(anonymous_13)
FN:218,(anonymous_14)
FN:241,(anonymous_15)
FN:248,(anonymous_16)
FNF:17
FNH:17
FNDA:40,(anonymous_0)
FNDA:14,(anonymous_1)
FNDA:11,(anonymous_2)
FNDA:99,(anonymous_3)
FNDA:6,(anonymous_4)
FNDA:2,(anonymous_5)
FNDA:6,(anonymous_6)
FNDA:13,(anonymous_7)
FNDA:6,(anonymous_8)
FNDA:6,(anonymous_9)
FNDA:2,(anonymous_10)
FNDA:2,(anonymous_11)
FNDA:3,(anonymous_12)
FNDA:4,(anonymous_13)
FNDA:2,(anonymous_14)
FNDA:3,(anonymous_15)
FNDA:1,(anonymous_16)
DA:5,2
DA:6,2
DA:7,2
DA:8,2
DA:18,40
DA:19,40
DA:20,40
DA:21,40
DA:22,40
DA:24,0
DA:32,14
DA:34,14
DA:35,11
DA:37,11
DA:38,99
DA:46,6
DA:47,0
DA:50,6
DA:51,6
DA:52,6
DA:54,0
DA:62,2
DA:63,0
DA:66,2
DA:67,2
DA:68,1
DA:70,1
DA:78,6
DA:79,0
DA:82,6
DA:83,6
DA:84,6
DA:89,6
DA:90,6
DA:91,0
DA:94,6
DA:96,0
DA:97,0
DA:105,13
DA:106,0
DA:109,13
DA:110,13
DA:111,13
DA:113,0
DA:114,0
DA:122,6
DA:123,0
DA:126,6
DA:127,6
DA:128,0
DA:130,6
DA:131,6
DA:133,0
DA:134,0
DA:136,0
DA:144,6
DA:145,0
DA:148,6
DA:149,6
DA:150,5
DA:151,0
DA:153,5
DA:155,1
DA:156,0
DA:158,1
DA:166,2
DA:167,0
DA:170,2
DA:171,2
DA:172,2
DA:174,0
DA:182,2
DA:183,2
DA:184,2
DA:186,0
DA:194,3
DA:195,3
DA:196,2
DA:197,0
DA:199,2
DA:201,1
DA:202,0
DA:204,1
DA:212,4
DA:213,0
DA:216,4
DA:217,4
DA:218,4
DA:220,4
DA:221,2
DA:224,2
DA:225,1
DA:226,0
DA:229,1
DA:231,3
DA:232,2
DA:234,1
DA:242,3
DA:243,0
DA:246,3
DA:247,3
DA:248,3
DA:253,0
LF:103
LH:75
BRDA:32,0,0,0
BRDA:35,1,0,0
BRDA:35,2,0,11
BRDA:35,2,1,11
BRDA:46,3,0,0
BRDA:62,4,0,0
BRDA:78,5,0,0
BRDA:90,6,0,0
BRDA:105,7,0,0
BRDA:111,8,0,4
BRDA:111,8,1,9
BRDA:122,9,0,0
BRDA:127,10,0,0
BRDA:133,11,0,0
BRDA:144,12,0,0
BRDA:149,13,0,6
BRDA:149,13,1,3
BRDA:150,14,0,0
BRDA:155,15,0,0
BRDA:166,16,0,0
BRDA:196,17,0,0
BRDA:201,18,0,0
BRDA:212,19,0,0
BRDA:220,20,0,2
BRDA:225,21,0,0
BRDA:231,22,0,2
BRDA:242,23,0,0
BRF:27
BRH:8
end_of_record
TN:
SF:src/services/subjectService.ts
FN:7,(anonymous_0)
FN:35,(anonymous_1)
FN:50,(anonymous_2)
FN:64,(anonymous_3)
FN:92,(anonymous_4)
FN:95,(anonymous_5)
FN:130,(anonymous_6)
FN:133,(anonymous_7)
FN:148,(anonymous_8)
FN:158,(anonymous_9)
FN:166,(anonymous_10)
FN:182,(anonymous_11)
FNF:12
FNH:12
FNDA:22,(anonymous_0)
FNDA:31,(anonymous_1)
FNDA:14,(anonymous_2)
FNDA:12,(anonymous_3)
FNDA:5,(anonymous_4)
FNDA:5,(anonymous_5)
FNDA:4,(anonymous_6)
FNDA:3,(anonymous_7)
FNDA:7,(anonymous_8)
FNDA:2,(anonymous_9)
FNDA:2,(anonymous_10)
FNDA:1,(anonymous_11)
DA:8,22
DA:9,22
DA:10,0
DA:13,22
DA:14,22
DA:15,0
DA:18,22
DA:19,22
DA:20,0
DA:23,22
DA:24,22
DA:25,0
DA:28,22
DA:29,22
DA:30,0
DA:36,31
DA:37,31
DA:38,27
DA:39,0
DA:41,27
DA:43,4
DA:44,0
DA:46,4
DA:51,14
DA:52,14
DA:53,0
DA:55,14
DA:57,0
DA:58,0
DA:60,0
DA:65,12
DA:66,12
DA:67,12
DA:68,11
DA:70,11
DA:71,1
DA:74,10
DA:81,10
DA:82,10
DA:83,10
DA:85,2
DA:86,1
DA:88,1
DA:93,5
DA:94,5
DA:95,5
DA:97,4
DA:98,1
DA:101,3
DA:102,3
DA:112,3
DA:114,3
DA:115,3
DA:116,1
DA:119,2
DA:120,2
DA:121,2
DA:123,3
DA:124,2
DA:126,1
DA:131,4
DA:132,4
DA:133,3
DA:135,3
DA:136,1
DA:139,2
DA:141,2
DA:142,1
DA:144,1
DA:149,7
DA:150,7
DA:151,7
DA:152,6
DA:154,1
DA:159,2
DA:160,2
DA:162,1
DA:167,2
DA:168,2
DA:169,1
DA:170,0
DA:172,1
DA:173,1
DA:175,1
DA:176,0
DA:178,1
DA:183,1
DA:184,1
DA:186,0
LF:89
LH:75
BRDA:7,0,0,19
BRDA:8,1,0,22
BRDA:8,2,0,22
BRDA:8,2,1,3
BRDA:9,3,0,0
BRDA:13,4,0,22
BRDA:13,5,0,22
BRDA:13,5,1,3
BRDA:14,6,0,0
BRDA:18,7,0,22
BRDA:18,8,0,22
BRDA:18,8,1,3
BRDA:19,9,0,0
BRDA:23,10,0,22
BRDA:23,11,0,22
BRDA:23,11,1,3
BRDA:24,12,0,0
BRDA:28,13,0,22
BRDA:28,14,0,22
BRDA:28,14,1,3
BRDA:29,15,0,0
BRDA:38,16,0,0
BRDA:43,17,0,0
BRDA:52,18,0,0
BRDA:57,19,0,0
BRDA:70,20,0,1
BRDA:85,21,0,1
BRDA:85,22,0,2
BRDA:85,22,1,2
BRDA:97,23,0,1
BRDA:106,24,0,3
BRDA:106,24,1,1
BRDA:107,25,0,3
BRDA:107,25,1,2
BRDA:108,26,0,3
BRDA:108,26,1,2
BRDA:115,27,0,1
BRDA:123,28,0,2
BRDA:123,29,0,3
BRDA:123,29,1,2
BRDA:135,30,0,1
BRDA:141,31,0,1
BRDA:169,32,0,0
BRDA:175,33,0,0
BRF:44
BRH:33
end_of_record
TN:
SF:src/utils/errors.ts
FN:2,(anonymous_0)
FN:13,(anonymous_1)
FN:20,(anonymous_2)
FN:27,(anonymous_3)
FN:33,handleError
FNF:5
FNH:5
FNDA:15,(anonymous_0)
FNDA:4,(anonymous_1)
FNDA:2,(anonymous_2)
FNDA:9,(anonymous_3)
FNDA:4,handleError
DA:4,15
DA:5,15
DA:7,15
DA:8,15
DA:14,4
DA:15,4
DA:21,2
DA:22,2
DA:28,9
DA:29,9
DA:34,4
DA:35,4
DA:38,0
DA:39,0
DA:42,0
LF:15
LH:12
BRDA:34,0,0,4
BRDA:38,1,0,0
BRF:2
BRH:1
end_of_record
TN:
SF:src/utils/scheduleUtils.ts
FN:49,generateSubjectCode
FN:50,(anonymous_1)
FN:51,(anonymous_2)
FN:56,checkScheduleConflicts
FN:65,(anonymous_4)
FN:71,(anonymous_5)
FN:102,getNextAvailableColor
FN:103,(anonymous_7)
FN:104,(anonymous_8)
FN:107,validateSubjectForm
FN:130,(anonymous_10)
FN:142,(anonymous_11)
FN:150,validateScheduleCode
FN:167,(anonymous_13)
FN:176,(anonymous_14)
FN:186,parseScheduleCode
FNF:16
FNH:16
FNDA:15,generateSubjectCode
FNDA:15,(anonymous_1)
FNDA:15,(anonymous_2)
FNDA:25,checkScheduleConflicts
FNDA:49,(anonymous_4)
FNDA:47,(anonymous_5)
FNDA:12,getNextAvailableColor
FNDA:2,(anonymous_7)
FNDA:14,(anonymous_8)
FNDA:11,validateSubjectForm
FNDA:19,(anonymous_10)
FNDA:18,(anonymous_11)
FNDA:8,validateScheduleCode
FNDA:10,(anonymous_13)
FNDA:10,(anonymous_14)
FNDA:4,parseScheduleCode
DA:3,2
DA:12,2
DA:18,2
DA:43,2
DA:50,15
DA:51,15
DA:53,15
DA:61,25
DA:62,25
DA:65,49
DA:66,1
DA:70,24
DA:71,47
DA:72,1
DA:75,23
DA:76,13
DA:77,9
DA:78,18
DA:79,36
DA:84,23
DA:85,46
DA:86,92
DA:87,92
DA:88,92
DA:89,20
DA:99,23
DA:103,12
DA:104,14
DA:114,11
DA:116,11
DA:117,1
DA:118,10
DA:119,1
DA:122,11
DA:123,1
DA:124,10
DA:125,1
DA:128,11
DA:129,1
DA:130,19
DA:131,1
DA:134,11
DA:135,1
DA:138,11
DA:139,1
DA:141,10
DA:142,18
DA:143,2
DA:147,11
DA:151,8
DA:153,8
DA:154,8
DA:156,8
DA:157,4
DA:163,4
DA:166,4
DA:167,10
DA:168,0
DA:175,4
DA:176,10
DA:177,0
DA:183,4
DA:187,4
DA:188,4
DA:190,3
DA:191,3
DA:193,3
DA:195,3
DA:197,3
LF:69
LH:67
BRDA:65,0,0,1
BRDA:65,1,0,49
BRDA:65,1,1,48
BRDA:70,2,0,0
BRDA:70,2,1,24
BRDA:71,3,0,1
BRDA:71,4,0,47
BRDA:71,4,1,46
BRDA:76,5,0,4
BRDA:76,6,0,13
BRDA:76,6,1,5
BRDA:88,7,0,20
BRDA:104,8,0,12
BRDA:104,8,1,0
BRDA:116,9,0,1
BRDA:116,9,1,10
BRDA:118,10,0,1
BRDA:122,11,0,1
BRDA:122,11,1,10
BRDA:124,12,0,1
BRDA:128,13,0,1
BRDA:128,13,1,10
BRDA:130,14,0,1
BRDA:130,15,0,19
BRDA:130,15,1,18
BRDA:134,16,0,1
BRDA:138,17,0,1
BRDA:138,17,1,10
BRDA:141,18,0,1
BRDA:141,18,1,9
BRDA:142,19,0,2
BRDA:142,20,0,18
BRDA:142,20,1,17
BRDA:151,21,0,0
BRDA:156,22,0,4
BRDA:167,23,0,0
BRDA:167,24,0,10
BRDA:167,24,1,10
BRDA:176,25,0,0
BRDA:176,26,0,10
BRDA:176,26,1,10
BRDA:188,27,0,1
BRDA:193,28,0,0
BRF:43
BRH:37
end_of_record
